<?xml version="1.0" encoding="UTF-8" ?>
<testsuite failures="4" time="0.028" errors="0" skipped="0" tests="72" name="test.glib.models.TestLDot">
  <properties>
    <property name="java.runtime.name" value="Java(TM) SE Runtime Environment"/>
    <property name="sun.boot.library.path" value="/opt/jdk1.6.0/jre/lib/amd64"/>
    <property name="java.vm.version" value="20.2-b03"/>
    <property name="awt.useSystemAAFontSettings" value="on"/>
    <property name="java.vm.vendor" value="Sun Microsystems Inc."/>
    <property name="java.vendor.url" value="http://java.sun.com/"/>
    <property name="path.separator" value=":"/>
    <property name="java.vm.name" value="Java HotSpot(TM) 64-Bit Server VM"/>
    <property name="file.encoding.pkg" value="sun.io"/>
    <property name="user.country" value="FR"/>
    <property name="sun.java.launcher" value="SUN_STANDARD"/>
    <property name="sun.os.patch.level" value="unknown"/>
    <property name="java.vm.specification.name" value="Java Virtual Machine Specification"/>
    <property name="user.dir" value="/home/ablouin/latexdraw/LaTeXDraw"/>
    <property name="java.runtime.version" value="1.6.0_27-ea-b03"/>
    <property name="java.awt.graphicsenv" value="sun.awt.X11GraphicsEnvironment"/>
    <property name="basedir" value="/home/ablouin/latexdraw/LaTeXDraw"/>
    <property name="java.endorsed.dirs" value="/opt/jdk1.6.0/jre/lib/endorsed"/>
    <property name="os.arch" value="amd64"/>
    <property name="surefire.real.class.path" value="/tmp/surefirebooter420774259632953736.jar"/>
    <property name="java.io.tmpdir" value="/tmp"/>
    <property name="line.separator" value="
"/>
    <property name="java.vm.specification.vendor" value="Sun Microsystems Inc."/>
    <property name="os.name" value="Linux"/>
    <property name="sun.jnu.encoding" value="UTF-8"/>
    <property name="java.library.path" value="/opt/jdk1.6.0/jre/lib/amd64/server:/opt/jdk1.6.0/jre/lib/amd64:/opt/jdk1.6.0/jre/../lib/amd64:/usr/java/packages/lib/amd64:/usr/lib64:/lib64:/lib:/usr/lib"/>
    <property name="surefire.test.class.path" value="/home/ablouin/latexdraw/LaTeXDraw/target/test-classes:/home/ablouin/latexdraw/LaTeXDraw/target/generated-classes/cobertura:/home/ablouin/.m2/repository/junit/junit/4.8.1/junit-4.8.1.jar:/home/ablouin/.m2/repository/net/sourceforge/cobertura/cobertura/1.9.4.1/cobertura-1.9.4.1.jar:/home/ablouin/.m2/repository/org/apache/ant/ant/1.7.0/ant-1.7.0.jar:/home/ablouin/.m2/repository/org/apache/ant/ant-launcher/1.7.0/ant-launcher-1.7.0.jar:"/>
    <property name="java.specification.name" value="Java Platform API Specification"/>
    <property name="java.class.version" value="50.0"/>
    <property name="sun.management.compiler" value="HotSpot 64-Bit Tiered Compilers"/>
    <property name="os.version" value="2.6.38-11-generic"/>
    <property name="user.home" value="/home/ablouin"/>
    <property name="user.timezone" value="Europe/Paris"/>
    <property name="java.awt.printerjob" value="sun.print.PSPrinterJob"/>
    <property name="java.specification.version" value="1.6"/>
    <property name="file.encoding" value="UTF-8"/>
    <property name="user.name" value="ablouin"/>
    <property name="java.class.path" value="/home/ablouin/latexdraw/LaTeXDraw/target/test-classes:/home/ablouin/latexdraw/LaTeXDraw/target/generated-classes/cobertura:/home/ablouin/.m2/repository/junit/junit/4.8.1/junit-4.8.1.jar:/home/ablouin/.m2/repository/net/sourceforge/cobertura/cobertura/1.9.4.1/cobertura-1.9.4.1.jar:/home/ablouin/.m2/repository/org/apache/ant/ant/1.7.0/ant-1.7.0.jar:/home/ablouin/.m2/repository/org/apache/ant/ant-launcher/1.7.0/ant-launcher-1.7.0.jar:"/>
    <property name="java.vm.specification.version" value="1.0"/>
    <property name="sun.arch.data.model" value="64"/>
    <property name="java.home" value="/opt/jdk1.6.0/jre"/>
    <property name="sun.java.command" value="/tmp/surefirebooter420774259632953736.jar /tmp/surefire1742914359697086055tmp /tmp/surefire6853630051778403284tmp"/>
    <property name="java.specification.vendor" value="Sun Microsystems Inc."/>
    <property name="user.language" value="fr"/>
    <property name="java.vm.info" value="mixed mode"/>
    <property name="java.version" value="1.6.0_27-ea"/>
    <property name="java.ext.dirs" value="/opt/jdk1.6.0/jre/lib/ext:/usr/java/packages/lib/ext"/>
    <property name="sun.boot.class.path" value="/opt/jdk1.6.0/jre/lib/resources.jar:/opt/jdk1.6.0/jre/lib/rt.jar:/opt/jdk1.6.0/jre/lib/sunrsasign.jar:/opt/jdk1.6.0/jre/lib/jsse.jar:/opt/jdk1.6.0/jre/lib/jce.jar:/opt/jdk1.6.0/jre/lib/charsets.jar:/opt/jdk1.6.0/jre/lib/modules/jdk.boot.jar:/opt/jdk1.6.0/jre/classes"/>
    <property name="java.vendor" value="Sun Microsystems Inc."/>
    <property name="localRepository" value="/home/ablouin/.m2/repository"/>
    <property name="file.separator" value="/"/>
    <property name="java.vendor.url.bug" value="http://java.sun.com/cgi-bin/bugreport.cgi"/>
    <property name="sun.cpu.endian" value="little"/>
    <property name="sun.io.unicode.encoding" value="UnicodeLittle"/>
    <property name="sun.desktop" value="gnome"/>
    <property name="sun.cpu.isalist" value=""/>
  </properties>
  <testcase time="0.002" classname="test.glib.models.TestLDot" name="testConstructor1"/>
  <testcase time="0" classname="test.glib.models.TestLDot" name="testConstructor3"/>
  <testcase time="0" classname="test.glib.models.TestLDot" name="testScale"/>
  <testcase time="0.001" classname="test.glib.models.TestLDot" name="testCopy"/>
  <testcase time="0" classname="test.glib.models.TestLDot" name="testIsParametersEquals"/>
  <testcase time="0" classname="test.glib.models.TestLDot" name="testScaleNE"/>
  <testcase time="0" classname="test.glib.models.TestLDot" name="testScaleSE"/>
  <testcase time="0" classname="test.glib.models.TestLDot" name="testScaleSW"/>
  <testcase time="0" classname="test.glib.models.TestLDot" name="testScaleNW"/>
  <testcase time="0" classname="test.glib.models.TestLDot" name="testSetTop"/>
  <testcase time="0.001" classname="test.glib.models.TestLDot" name="testSetBottom"/>
  <testcase time="0" classname="test.glib.models.TestLDot" name="testSetRight"/>
  <testcase time="0" classname="test.glib.models.TestLDot" name="testSetLeft"/>
  <testcase time="0" classname="test.glib.models.TestLDot" name="testGetBottomLeftPoint">
    <failure message="Not yet implemented" type="junit.framework.AssertionFailedError">junit.framework.AssertionFailedError: Not yet implemented
	at junit.framework.Assert.fail(Assert.java:47)
	at test.glib.models.interfaces.TestIDot.testGetBottomLeftPoint(TestIDot.java:107)
	at sun.reflect.NativeMethodAccessorImpl.invoke0(Native Method)
	at sun.reflect.NativeMethodAccessorImpl.invoke(NativeMethodAccessorImpl.java:39)
	at sun.reflect.DelegatingMethodAccessorImpl.invoke(DelegatingMethodAccessorImpl.java:25)
	at java.lang.reflect.Method.invoke(Method.java:597)
	at junit.framework.TestCase.runTest(TestCase.java:168)
	at junit.framework.TestCase.runBare(TestCase.java:134)
	at junit.framework.TestResult$1.protect(TestResult.java:110)
	at junit.framework.TestResult.runProtected(TestResult.java:128)
	at junit.framework.TestResult.run(TestResult.java:113)
	at junit.framework.TestCase.run(TestCase.java:124)
	at junit.framework.TestSuite.runTest(TestSuite.java:232)
	at junit.framework.TestSuite.run(TestSuite.java:227)
	at org.junit.internal.runners.JUnit38ClassRunner.run(JUnit38ClassRunner.java:83)
	at org.apache.maven.surefire.junit4.JUnit4TestSet.execute(JUnit4TestSet.java:62)
	at org.apache.maven.surefire.suite.AbstractDirectoryTestSuite.executeTestSet(AbstractDirectoryTestSuite.java:140)
	at org.apache.maven.surefire.suite.AbstractDirectoryTestSuite.execute(AbstractDirectoryTestSuite.java:127)
	at org.apache.maven.surefire.Surefire.run(Surefire.java:177)
	at sun.reflect.NativeMethodAccessorImpl.invoke0(Native Method)
	at sun.reflect.NativeMethodAccessorImpl.invoke(NativeMethodAccessorImpl.java:39)
	at sun.reflect.DelegatingMethodAccessorImpl.invoke(DelegatingMethodAccessorImpl.java:25)
	at java.lang.reflect.Method.invoke(Method.java:597)
	at org.apache.maven.surefire.booter.SurefireBooter.runSuitesInProcess(SurefireBooter.java:345)
	at org.apache.maven.surefire.booter.SurefireBooter.main(SurefireBooter.java:1009)
</failure>
  </testcase>
  <testcase time="0" classname="test.glib.models.TestLDot" name="testGetBottomRightPoint">
    <failure message="Not yet implemented" type="junit.framework.AssertionFailedError">junit.framework.AssertionFailedError: Not yet implemented
	at junit.framework.Assert.fail(Assert.java:47)
	at test.glib.models.interfaces.TestIDot.testGetBottomRightPoint(TestIDot.java:113)
	at sun.reflect.NativeMethodAccessorImpl.invoke0(Native Method)
	at sun.reflect.NativeMethodAccessorImpl.invoke(NativeMethodAccessorImpl.java:39)
	at sun.reflect.DelegatingMethodAccessorImpl.invoke(DelegatingMethodAccessorImpl.java:25)
	at java.lang.reflect.Method.invoke(Method.java:597)
	at junit.framework.TestCase.runTest(TestCase.java:168)
	at junit.framework.TestCase.runBare(TestCase.java:134)
	at junit.framework.TestResult$1.protect(TestResult.java:110)
	at junit.framework.TestResult.runProtected(TestResult.java:128)
	at junit.framework.TestResult.run(TestResult.java:113)
	at junit.framework.TestCase.run(TestCase.java:124)
	at junit.framework.TestSuite.runTest(TestSuite.java:232)
	at junit.framework.TestSuite.run(TestSuite.java:227)
	at org.junit.internal.runners.JUnit38ClassRunner.run(JUnit38ClassRunner.java:83)
	at org.apache.maven.surefire.junit4.JUnit4TestSet.execute(JUnit4TestSet.java:62)
	at org.apache.maven.surefire.suite.AbstractDirectoryTestSuite.executeTestSet(AbstractDirectoryTestSuite.java:140)
	at org.apache.maven.surefire.suite.AbstractDirectoryTestSuite.execute(AbstractDirectoryTestSuite.java:127)
	at org.apache.maven.surefire.Surefire.run(Surefire.java:177)
	at sun.reflect.NativeMethodAccessorImpl.invoke0(Native Method)
	at sun.reflect.NativeMethodAccessorImpl.invoke(NativeMethodAccessorImpl.java:39)
	at sun.reflect.DelegatingMethodAccessorImpl.invoke(DelegatingMethodAccessorImpl.java:25)
	at java.lang.reflect.Method.invoke(Method.java:597)
	at org.apache.maven.surefire.booter.SurefireBooter.runSuitesInProcess(SurefireBooter.java:345)
	at org.apache.maven.surefire.booter.SurefireBooter.main(SurefireBooter.java:1009)
</failure>
  </testcase>
  <testcase time="0" classname="test.glib.models.TestLDot" name="testGetTopLeftPoint">
    <failure message="Not yet implemented" type="junit.framework.AssertionFailedError">junit.framework.AssertionFailedError: Not yet implemented
	at junit.framework.Assert.fail(Assert.java:47)
	at test.glib.models.interfaces.TestIDot.testGetTopLeftPoint(TestIDot.java:119)
	at sun.reflect.NativeMethodAccessorImpl.invoke0(Native Method)
	at sun.reflect.NativeMethodAccessorImpl.invoke(NativeMethodAccessorImpl.java:39)
	at sun.reflect.DelegatingMethodAccessorImpl.invoke(DelegatingMethodAccessorImpl.java:25)
	at java.lang.reflect.Method.invoke(Method.java:597)
	at junit.framework.TestCase.runTest(TestCase.java:168)
	at junit.framework.TestCase.runBare(TestCase.java:134)
	at junit.framework.TestResult$1.protect(TestResult.java:110)
	at junit.framework.TestResult.runProtected(TestResult.java:128)
	at junit.framework.TestResult.run(TestResult.java:113)
	at junit.framework.TestCase.run(TestCase.java:124)
	at junit.framework.TestSuite.runTest(TestSuite.java:232)
	at junit.framework.TestSuite.run(TestSuite.java:227)
	at org.junit.internal.runners.JUnit38ClassRunner.run(JUnit38ClassRunner.java:83)
	at org.apache.maven.surefire.junit4.JUnit4TestSet.execute(JUnit4TestSet.java:62)
	at org.apache.maven.surefire.suite.AbstractDirectoryTestSuite.executeTestSet(AbstractDirectoryTestSuite.java:140)
	at org.apache.maven.surefire.suite.AbstractDirectoryTestSuite.execute(AbstractDirectoryTestSuite.java:127)
	at org.apache.maven.surefire.Surefire.run(Surefire.java:177)
	at sun.reflect.NativeMethodAccessorImpl.invoke0(Native Method)
	at sun.reflect.NativeMethodAccessorImpl.invoke(NativeMethodAccessorImpl.java:39)
	at sun.reflect.DelegatingMethodAccessorImpl.invoke(DelegatingMethodAccessorImpl.java:25)
	at java.lang.reflect.Method.invoke(Method.java:597)
	at org.apache.maven.surefire.booter.SurefireBooter.runSuitesInProcess(SurefireBooter.java:345)
	at org.apache.maven.surefire.booter.SurefireBooter.main(SurefireBooter.java:1009)
</failure>
  </testcase>
  <testcase time="0" classname="test.glib.models.TestLDot" name="testGetTopRightPoint">
    <failure message="Not yet implemented" type="junit.framework.AssertionFailedError">junit.framework.AssertionFailedError: Not yet implemented
	at junit.framework.Assert.fail(Assert.java:47)
	at test.glib.models.interfaces.TestIDot.testGetTopRightPoint(TestIDot.java:125)
	at sun.reflect.NativeMethodAccessorImpl.invoke0(Native Method)
	at sun.reflect.NativeMethodAccessorImpl.invoke(NativeMethodAccessorImpl.java:39)
	at sun.reflect.DelegatingMethodAccessorImpl.invoke(DelegatingMethodAccessorImpl.java:25)
	at java.lang.reflect.Method.invoke(Method.java:597)
	at junit.framework.TestCase.runTest(TestCase.java:168)
	at junit.framework.TestCase.runBare(TestCase.java:134)
	at junit.framework.TestResult$1.protect(TestResult.java:110)
	at junit.framework.TestResult.runProtected(TestResult.java:128)
	at junit.framework.TestResult.run(TestResult.java:113)
	at junit.framework.TestCase.run(TestCase.java:124)
	at junit.framework.TestSuite.runTest(TestSuite.java:232)
	at junit.framework.TestSuite.run(TestSuite.java:227)
	at org.junit.internal.runners.JUnit38ClassRunner.run(JUnit38ClassRunner.java:83)
	at org.apache.maven.surefire.junit4.JUnit4TestSet.execute(JUnit4TestSet.java:62)
	at org.apache.maven.surefire.suite.AbstractDirectoryTestSuite.executeTestSet(AbstractDirectoryTestSuite.java:140)
	at org.apache.maven.surefire.suite.AbstractDirectoryTestSuite.execute(AbstractDirectoryTestSuite.java:127)
	at org.apache.maven.surefire.Surefire.run(Surefire.java:177)
	at sun.reflect.NativeMethodAccessorImpl.invoke0(Native Method)
	at sun.reflect.NativeMethodAccessorImpl.invoke(NativeMethodAccessorImpl.java:39)
	at sun.reflect.DelegatingMethodAccessorImpl.invoke(DelegatingMethodAccessorImpl.java:25)
	at java.lang.reflect.Method.invoke(Method.java:597)
	at org.apache.maven.surefire.booter.SurefireBooter.runSuitesInProcess(SurefireBooter.java:345)
	at org.apache.maven.surefire.booter.SurefireBooter.main(SurefireBooter.java:1009)
</failure>
  </testcase>
  <testcase time="0" classname="test.glib.models.TestLDot" name="testMirrorHorizontal"/>
  <testcase time="0" classname="test.glib.models.TestLDot" name="testMirrorVertical"/>
  <testcase time="0" classname="test.glib.models.TestLDot" name="testScaleNorth"/>
  <testcase time="0" classname="test.glib.models.TestLDot" name="testScaleSouth"/>
  <testcase time="0" classname="test.glib.models.TestLDot" name="testScaleWest"/>
  <testcase time="0" classname="test.glib.models.TestLDot" name="testGetSetDotStyle"/>
  <testcase time="0" classname="test.glib.models.TestLDot" name="testGetSetRadius"/>
  <testcase time="0.001" classname="test.glib.models.TestLDot" name="testScaleEast"/>
  <testcase time="0" classname="test.glib.models.TestLDot" name="testTranslate"/>
  <testcase time="0" classname="test.glib.models.TestLDot" name="testGetSetX"/>
  <testcase time="0" classname="test.glib.models.TestLDot" name="testGetSetY"/>
  <testcase time="0.001" classname="test.glib.models.TestLDot" name="testGetSetPosition"/>
  <testcase time="0" classname="test.glib.models.TestLDot" name="testGetPoints"/>
  <testcase time="0" classname="test.glib.models.TestLDot" name="testDuplicate"/>
  <testcase time="0" classname="test.glib.models.TestLDot" name="testGetNbPoints"/>
  <testcase time="0" classname="test.glib.models.TestLDot" name="testGetPtAt"/>
  <testcase time="0" classname="test.glib.models.TestLDot" name="testGetShadowGap"/>
  <testcase time="0" classname="test.glib.models.TestLDot" name="testGetGravityCentre"/>
  <testcase time="0.001" classname="test.glib.models.TestLDot" name="testGetFullBottomRightPoint"/>
  <testcase time="0" classname="test.glib.models.TestLDot" name="testGetFullTopLeftPoint"/>
  <testcase time="0" classname="test.glib.models.TestLDot" name="testSetHasHatchings"/>
  <testcase time="0.001" classname="test.glib.models.TestLDot" name="testSetHasGradient"/>
  <testcase time="0" classname="test.glib.models.TestLDot" name="testGetSetGradColEnd"/>
  <testcase time="0.001" classname="test.glib.models.TestLDot" name="testGetSetGradColStart"/>
  <testcase time="0.001" classname="test.glib.models.TestLDot" name="testGetSetGradAngle"/>
  <testcase time="0.001" classname="test.glib.models.TestLDot" name="testGetSetGradMidPt"/>
  <testcase time="0" classname="test.glib.models.TestLDot" name="testGetSetHatchingsSep"/>
  <testcase time="0" classname="test.glib.models.TestLDot" name="testGetSetHatchingsCol"/>
  <testcase time="0" classname="test.glib.models.TestLDot" name="testGetSetHatchingsAngle"/>
  <testcase time="0.001" classname="test.glib.models.TestLDot" name="testGetSetHatchingsWidth"/>
  <testcase time="0" classname="test.glib.models.TestLDot" name="testGetSetRotationAngle"/>
  <testcase time="0" classname="test.glib.models.TestLDot" name="testIsSetShowPts"/>
  <testcase time="0" classname="test.glib.models.TestLDot" name="testhasSetDbleBord"/>
  <testcase time="0" classname="test.glib.models.TestLDot" name="testGetSetDbleBordCol"/>
  <testcase time="0" classname="test.glib.models.TestLDot" name="testGetSetDbleBordSep"/>
  <testcase time="0" classname="test.glib.models.TestLDot" name="testHasSetShadow"/>
  <testcase time="0" classname="test.glib.models.TestLDot" name="testGetSetShadowCol"/>
  <testcase time="0" classname="test.glib.models.TestLDot" name="testGetSetShadowAngle"/>
  <testcase time="0.001" classname="test.glib.models.TestLDot" name="testGetArrows"/>
  <testcase time="0" classname="test.glib.models.TestLDot" name="testGetArrowAt"/>
  <testcase time="0" classname="test.glib.models.TestLDot" name="testIsSetFilled"/>
  <testcase time="0" classname="test.glib.models.TestLDot" name="testSetNewId"/>
  <testcase time="0" classname="test.glib.models.TestLDot" name="testAddToRotationAngle"/>
  <testcase time="0" classname="test.glib.models.TestLDot" name="testGetSetShadowSize"/>
  <testcase time="0" classname="test.glib.models.TestLDot" name="testGetSetBorderPosition"/>
  <testcase time="0" classname="test.glib.models.TestLDot" name="testGetSetOpacity"/>
  <testcase time="0" classname="test.glib.models.TestLDot" name="testGetBorderGap"/>
  <testcase time="0" classname="test.glib.models.TestLDot" name="testSetGetThickness"/>
  <testcase time="0" classname="test.glib.models.TestLDot" name="testSetGetLineColour"/>
  <testcase time="0" classname="test.glib.models.TestLDot" name="testSetGetLineStyle"/>
  <testcase time="0.001" classname="test.glib.models.TestLDot" name="testSetGetDashSepWhite"/>
  <testcase time="0" classname="test.glib.models.TestLDot" name="testSetGetDashSepBlack"/>
  <testcase time="0" classname="test.glib.models.TestLDot" name="testSetGetDotSep"/>
  <testcase time="0" classname="test.glib.models.TestLDot" name="testSetGetFillingCol"/>
  <testcase time="0" classname="test.glib.models.TestLDot" name="testSetGetFillingStyle"/>
</testsuite>