<?xml version="1.0" encoding="UTF-8" ?>
<testsuite failures="3" time="0.066" errors="0" skipped="0" tests="84" name="test.glib.models.TestLAxes">
  <properties>
    <property name="java.runtime.name" value="Java(TM) SE Runtime Environment"/>
    <property name="sun.boot.library.path" value="/opt/jdk1.6.0/jre/lib/amd64"/>
    <property name="java.vm.version" value="20.2-b03"/>
    <property name="awt.useSystemAAFontSettings" value="on"/>
    <property name="java.vm.vendor" value="Sun Microsystems Inc."/>
    <property name="java.vendor.url" value="http://java.sun.com/"/>
    <property name="path.separator" value=":"/>
    <property name="java.vm.name" value="Java HotSpot(TM) 64-Bit Server VM"/>
    <property name="file.encoding.pkg" value="sun.io"/>
    <property name="user.country" value="FR"/>
    <property name="sun.java.launcher" value="SUN_STANDARD"/>
    <property name="sun.os.patch.level" value="unknown"/>
    <property name="java.vm.specification.name" value="Java Virtual Machine Specification"/>
    <property name="user.dir" value="/home/ablouin/latexdraw/LaTeXDraw"/>
    <property name="java.runtime.version" value="1.6.0_27-ea-b03"/>
    <property name="java.awt.graphicsenv" value="sun.awt.X11GraphicsEnvironment"/>
    <property name="basedir" value="/home/ablouin/latexdraw/LaTeXDraw"/>
    <property name="java.endorsed.dirs" value="/opt/jdk1.6.0/jre/lib/endorsed"/>
    <property name="os.arch" value="amd64"/>
    <property name="surefire.real.class.path" value="/tmp/surefirebooter420774259632953736.jar"/>
    <property name="java.io.tmpdir" value="/tmp"/>
    <property name="line.separator" value="
"/>
    <property name="java.vm.specification.vendor" value="Sun Microsystems Inc."/>
    <property name="os.name" value="Linux"/>
    <property name="sun.jnu.encoding" value="UTF-8"/>
    <property name="java.library.path" value="/opt/jdk1.6.0/jre/lib/amd64/server:/opt/jdk1.6.0/jre/lib/amd64:/opt/jdk1.6.0/jre/../lib/amd64:/usr/java/packages/lib/amd64:/usr/lib64:/lib64:/lib:/usr/lib"/>
    <property name="surefire.test.class.path" value="/home/ablouin/latexdraw/LaTeXDraw/target/test-classes:/home/ablouin/latexdraw/LaTeXDraw/target/generated-classes/cobertura:/home/ablouin/.m2/repository/junit/junit/4.8.1/junit-4.8.1.jar:/home/ablouin/.m2/repository/net/sourceforge/cobertura/cobertura/1.9.4.1/cobertura-1.9.4.1.jar:/home/ablouin/.m2/repository/org/apache/ant/ant/1.7.0/ant-1.7.0.jar:/home/ablouin/.m2/repository/org/apache/ant/ant-launcher/1.7.0/ant-launcher-1.7.0.jar:"/>
    <property name="java.specification.name" value="Java Platform API Specification"/>
    <property name="java.class.version" value="50.0"/>
    <property name="sun.management.compiler" value="HotSpot 64-Bit Tiered Compilers"/>
    <property name="os.version" value="2.6.38-11-generic"/>
    <property name="user.home" value="/home/ablouin"/>
    <property name="user.timezone" value="Europe/Paris"/>
    <property name="java.awt.printerjob" value="sun.print.PSPrinterJob"/>
    <property name="java.specification.version" value="1.6"/>
    <property name="file.encoding" value="UTF-8"/>
    <property name="user.name" value="ablouin"/>
    <property name="java.class.path" value="/home/ablouin/latexdraw/LaTeXDraw/target/test-classes:/home/ablouin/latexdraw/LaTeXDraw/target/generated-classes/cobertura:/home/ablouin/.m2/repository/junit/junit/4.8.1/junit-4.8.1.jar:/home/ablouin/.m2/repository/net/sourceforge/cobertura/cobertura/1.9.4.1/cobertura-1.9.4.1.jar:/home/ablouin/.m2/repository/org/apache/ant/ant/1.7.0/ant-1.7.0.jar:/home/ablouin/.m2/repository/org/apache/ant/ant-launcher/1.7.0/ant-launcher-1.7.0.jar:"/>
    <property name="java.vm.specification.version" value="1.0"/>
    <property name="sun.arch.data.model" value="64"/>
    <property name="java.home" value="/opt/jdk1.6.0/jre"/>
    <property name="sun.java.command" value="/tmp/surefirebooter420774259632953736.jar /tmp/surefire1742914359697086055tmp /tmp/surefire6853630051778403284tmp"/>
    <property name="java.specification.vendor" value="Sun Microsystems Inc."/>
    <property name="user.language" value="fr"/>
    <property name="java.vm.info" value="mixed mode"/>
    <property name="java.version" value="1.6.0_27-ea"/>
    <property name="java.ext.dirs" value="/opt/jdk1.6.0/jre/lib/ext:/usr/java/packages/lib/ext"/>
    <property name="sun.boot.class.path" value="/opt/jdk1.6.0/jre/lib/resources.jar:/opt/jdk1.6.0/jre/lib/rt.jar:/opt/jdk1.6.0/jre/lib/sunrsasign.jar:/opt/jdk1.6.0/jre/lib/jsse.jar:/opt/jdk1.6.0/jre/lib/jce.jar:/opt/jdk1.6.0/jre/lib/charsets.jar:/opt/jdk1.6.0/jre/lib/modules/jdk.boot.jar:/opt/jdk1.6.0/jre/classes"/>
    <property name="java.vendor" value="Sun Microsystems Inc."/>
    <property name="localRepository" value="/home/ablouin/.m2/repository"/>
    <property name="file.separator" value="/"/>
    <property name="java.vendor.url.bug" value="http://java.sun.com/cgi-bin/bugreport.cgi"/>
    <property name="sun.cpu.endian" value="little"/>
    <property name="sun.io.unicode.encoding" value="UnicodeLittle"/>
    <property name="sun.desktop" value="gnome"/>
    <property name="sun.cpu.isalist" value=""/>
  </properties>
  <testcase time="0.004" classname="test.glib.models.TestLAxes" name="testConstructor3"/>
  <testcase time="0" classname="test.glib.models.TestLAxes" name="testScale">
    <failure message="Not yet implemented" type="junit.framework.AssertionFailedError">junit.framework.AssertionFailedError: Not yet implemented
	at junit.framework.Assert.fail(Assert.java:47)
	at test.glib.models.interfaces.TestIAxes.testScale(TestIAxes.java:432)
	at sun.reflect.NativeMethodAccessorImpl.invoke0(Native Method)
	at sun.reflect.NativeMethodAccessorImpl.invoke(NativeMethodAccessorImpl.java:39)
	at sun.reflect.DelegatingMethodAccessorImpl.invoke(DelegatingMethodAccessorImpl.java:25)
	at java.lang.reflect.Method.invoke(Method.java:597)
	at junit.framework.TestCase.runTest(TestCase.java:168)
	at junit.framework.TestCase.runBare(TestCase.java:134)
	at junit.framework.TestResult$1.protect(TestResult.java:110)
	at junit.framework.TestResult.runProtected(TestResult.java:128)
	at junit.framework.TestResult.run(TestResult.java:113)
	at junit.framework.TestCase.run(TestCase.java:124)
	at junit.framework.TestSuite.runTest(TestSuite.java:232)
	at junit.framework.TestSuite.run(TestSuite.java:227)
	at org.junit.internal.runners.JUnit38ClassRunner.run(JUnit38ClassRunner.java:83)
	at org.apache.maven.surefire.junit4.JUnit4TestSet.execute(JUnit4TestSet.java:62)
	at org.apache.maven.surefire.suite.AbstractDirectoryTestSuite.executeTestSet(AbstractDirectoryTestSuite.java:140)
	at org.apache.maven.surefire.suite.AbstractDirectoryTestSuite.execute(AbstractDirectoryTestSuite.java:127)
	at org.apache.maven.surefire.Surefire.run(Surefire.java:177)
	at sun.reflect.NativeMethodAccessorImpl.invoke0(Native Method)
	at sun.reflect.NativeMethodAccessorImpl.invoke(NativeMethodAccessorImpl.java:39)
	at sun.reflect.DelegatingMethodAccessorImpl.invoke(DelegatingMethodAccessorImpl.java:25)
	at java.lang.reflect.Method.invoke(Method.java:597)
	at org.apache.maven.surefire.booter.SurefireBooter.runSuitesInProcess(SurefireBooter.java:345)
	at org.apache.maven.surefire.booter.SurefireBooter.main(SurefireBooter.java:1009)
</failure>
  </testcase>
  <testcase time="0" classname="test.glib.models.TestLAxes" name="testCopy">
    <failure message="expected:&lt;net.sf.latexdraw.glib.models.impl.LArrow@18682406&gt; but was:&lt;net.sf.latexdraw.glib.models.impl.LArrow@5d15126e&gt;" type="junit.framework.AssertionFailedError">junit.framework.AssertionFailedError: expected:&lt;net.sf.latexdraw.glib.models.impl.LArrow@18682406&gt; but was:&lt;net.sf.latexdraw.glib.models.impl.LArrow@5d15126e&gt;
	at junit.framework.Assert.fail(Assert.java:47)
	at junit.framework.Assert.failNotEquals(Assert.java:283)
	at junit.framework.Assert.assertEquals(Assert.java:64)
	at junit.framework.Assert.assertEquals(Assert.java:71)
	at test.glib.models.interfaces.TestIShape.testCopy(TestIShape.java:192)
	at test.glib.models.interfaces.TestIStandardGrid.testCopy(TestIStandardGrid.java:248)
	at test.glib.models.interfaces.TestIAxes.testCopy(TestIAxes.java:255)
	at sun.reflect.NativeMethodAccessorImpl.invoke0(Native Method)
	at sun.reflect.NativeMethodAccessorImpl.invoke(NativeMethodAccessorImpl.java:39)
	at sun.reflect.DelegatingMethodAccessorImpl.invoke(DelegatingMethodAccessorImpl.java:25)
	at java.lang.reflect.Method.invoke(Method.java:597)
	at junit.framework.TestCase.runTest(TestCase.java:168)
	at junit.framework.TestCase.runBare(TestCase.java:134)
	at junit.framework.TestResult$1.protect(TestResult.java:110)
	at junit.framework.TestResult.runProtected(TestResult.java:128)
	at junit.framework.TestResult.run(TestResult.java:113)
	at junit.framework.TestCase.run(TestCase.java:124)
	at junit.framework.TestSuite.runTest(TestSuite.java:232)
	at junit.framework.TestSuite.run(TestSuite.java:227)
	at org.junit.internal.runners.JUnit38ClassRunner.run(JUnit38ClassRunner.java:83)
	at org.apache.maven.surefire.junit4.JUnit4TestSet.execute(JUnit4TestSet.java:62)
	at org.apache.maven.surefire.suite.AbstractDirectoryTestSuite.executeTestSet(AbstractDirectoryTestSuite.java:140)
	at org.apache.maven.surefire.suite.AbstractDirectoryTestSuite.execute(AbstractDirectoryTestSuite.java:127)
	at org.apache.maven.surefire.Surefire.run(Surefire.java:177)
	at sun.reflect.NativeMethodAccessorImpl.invoke0(Native Method)
	at sun.reflect.NativeMethodAccessorImpl.invoke(NativeMethodAccessorImpl.java:39)
	at sun.reflect.DelegatingMethodAccessorImpl.invoke(DelegatingMethodAccessorImpl.java:25)
	at java.lang.reflect.Method.invoke(Method.java:597)
	at org.apache.maven.surefire.booter.SurefireBooter.runSuitesInProcess(SurefireBooter.java:345)
	at org.apache.maven.surefire.booter.SurefireBooter.main(SurefireBooter.java:1009)
</failure>
  </testcase>
  <testcase time="0.001" classname="test.glib.models.TestLAxes" name="testIsParametersEquals">
    <failure message="null" type="junit.framework.AssertionFailedError">junit.framework.AssertionFailedError: null
	at junit.framework.Assert.fail(Assert.java:47)
	at junit.framework.Assert.assertTrue(Assert.java:20)
	at junit.framework.Assert.assertFalse(Assert.java:34)
	at junit.framework.Assert.assertFalse(Assert.java:41)
	at test.glib.models.interfaces.TestIStandardGrid.testIsParametersEquals(TestIStandardGrid.java:297)
	at test.glib.models.interfaces.TestIAxes.testIsParametersEquals(TestIAxes.java:285)
	at sun.reflect.NativeMethodAccessorImpl.invoke0(Native Method)
	at sun.reflect.NativeMethodAccessorImpl.invoke(NativeMethodAccessorImpl.java:39)
	at sun.reflect.DelegatingMethodAccessorImpl.invoke(DelegatingMethodAccessorImpl.java:25)
	at java.lang.reflect.Method.invoke(Method.java:597)
	at junit.framework.TestCase.runTest(TestCase.java:168)
	at junit.framework.TestCase.runBare(TestCase.java:134)
	at junit.framework.TestResult$1.protect(TestResult.java:110)
	at junit.framework.TestResult.runProtected(TestResult.java:128)
	at junit.framework.TestResult.run(TestResult.java:113)
	at junit.framework.TestCase.run(TestCase.java:124)
	at junit.framework.TestSuite.runTest(TestSuite.java:232)
	at junit.framework.TestSuite.run(TestSuite.java:227)
	at org.junit.internal.runners.JUnit38ClassRunner.run(JUnit38ClassRunner.java:83)
	at org.apache.maven.surefire.junit4.JUnit4TestSet.execute(JUnit4TestSet.java:62)
	at org.apache.maven.surefire.suite.AbstractDirectoryTestSuite.executeTestSet(AbstractDirectoryTestSuite.java:140)
	at org.apache.maven.surefire.suite.AbstractDirectoryTestSuite.execute(AbstractDirectoryTestSuite.java:127)
	at org.apache.maven.surefire.Surefire.run(Surefire.java:177)
	at sun.reflect.NativeMethodAccessorImpl.invoke0(Native Method)
	at sun.reflect.NativeMethodAccessorImpl.invoke(NativeMethodAccessorImpl.java:39)
	at sun.reflect.DelegatingMethodAccessorImpl.invoke(DelegatingMethodAccessorImpl.java:25)
	at java.lang.reflect.Method.invoke(Method.java:597)
	at org.apache.maven.surefire.booter.SurefireBooter.runSuitesInProcess(SurefireBooter.java:345)
	at org.apache.maven.surefire.booter.SurefireBooter.main(SurefireBooter.java:1009)
</failure>
  </testcase>
  <testcase time="0" classname="test.glib.models.TestLAxes" name="testDuplicate"/>
  <testcase time="0" classname="test.glib.models.TestLAxes" name="testSetTop"/>
  <testcase time="0" classname="test.glib.models.TestLAxes" name="testSetBottom"/>
  <testcase time="0.001" classname="test.glib.models.TestLAxes" name="testSetRight"/>
  <testcase time="0" classname="test.glib.models.TestLAxes" name="testSetLeft"/>
  <testcase time="0" classname="test.glib.models.TestLAxes" name="testGetBottomLeftPoint"/>
  <testcase time="0.009" classname="test.glib.models.TestLAxes" name="testGetBottomRightPoint"/>
  <testcase time="0" classname="test.glib.models.TestLAxes" name="testGetTopLeftPoint"/>
  <testcase time="0.001" classname="test.glib.models.TestLAxes" name="testGetTopRightPoint"/>
  <testcase time="0.005" classname="test.glib.models.TestLAxes" name="testMirrorHorizontal"/>
  <testcase time="0" classname="test.glib.models.TestLAxes" name="testMirrorVertical"/>
  <testcase time="0.001" classname="test.glib.models.TestLAxes" name="testGetStep"/>
  <testcase time="0" classname="test.glib.models.TestLAxes" name="testGetSetLabelsSize"/>
  <testcase time="0" classname="test.glib.models.TestLAxes" name="testGetSetIncrementX"/>
  <testcase time="0" classname="test.glib.models.TestLAxes" name="testGetSetIncrementY"/>
  <testcase time="0" classname="test.glib.models.TestLAxes" name="testGetSetDistLabelsX"/>
  <testcase time="0" classname="test.glib.models.TestLAxes" name="testGetSetDistLabelsY"/>
  <testcase time="0" classname="test.glib.models.TestLAxes" name="testGetSetLabelsDisplayed"/>
  <testcase time="0" classname="test.glib.models.TestLAxes" name="testIsSetShowOrigin"/>
  <testcase time="0" classname="test.glib.models.TestLAxes" name="testGetSetTicksDisplayed"/>
  <testcase time="0" classname="test.glib.models.TestLAxes" name="testGetSetTicksStyle"/>
  <testcase time="0.001" classname="test.glib.models.TestLAxes" name="testGetSetTicksSize"/>
  <testcase time="0" classname="test.glib.models.TestLAxes" name="testGetSetAxesStyle"/>
  <testcase time="0" classname="test.glib.models.TestLAxes" name="testGetSetGridEndX"/>
  <testcase time="0" classname="test.glib.models.TestLAxes" name="testGetSetGridEndY"/>
  <testcase time="0" classname="test.glib.models.TestLAxes" name="testIsSetXLabelSouth"/>
  <testcase time="0" classname="test.glib.models.TestLAxes" name="testIsSetYLabelWest"/>
  <testcase time="0" classname="test.glib.models.TestLAxes" name="testSetGridStart"/>
  <testcase time="0.001" classname="test.glib.models.TestLAxes" name="testSetGridEnd"/>
  <testcase time="0" classname="test.glib.models.TestLAxes" name="testGetSetOrigin"/>
  <testcase time="0" classname="test.glib.models.TestLAxes" name="testGetSetGridStartY"/>
  <testcase time="0" classname="test.glib.models.TestLAxes" name="testGetSetGridStartX"/>
  <testcase time="0" classname="test.glib.models.TestLAxes" name="testGetSetOriginX"/>
  <testcase time="0" classname="test.glib.models.TestLAxes" name="testGetSetOriginY"/>
  <testcase time="0" classname="test.glib.models.TestLAxes" name="testTranslate"/>
  <testcase time="0.001" classname="test.glib.models.TestLAxes" name="testGetSetX"/>
  <testcase time="0" classname="test.glib.models.TestLAxes" name="testGetSetY"/>
  <testcase time="0" classname="test.glib.models.TestLAxes" name="testGetSetPosition"/>
  <testcase time="0" classname="test.glib.models.TestLAxes" name="testGetPoints"/>
  <testcase time="0" classname="test.glib.models.TestLAxes" name="testGetNbPoints"/>
  <testcase time="0" classname="test.glib.models.TestLAxes" name="testGetPtAt"/>
  <testcase time="0.001" classname="test.glib.models.TestLAxes" name="testGetShadowGap"/>
  <testcase time="0" classname="test.glib.models.TestLAxes" name="testGetGravityCentre"/>
  <testcase time="0" classname="test.glib.models.TestLAxes" name="testGetFullBottomRightPoint"/>
  <testcase time="0.001" classname="test.glib.models.TestLAxes" name="testGetFullTopLeftPoint"/>
  <testcase time="0" classname="test.glib.models.TestLAxes" name="testSetHasHatchings"/>
  <testcase time="0" classname="test.glib.models.TestLAxes" name="testSetHasGradient"/>
  <testcase time="0" classname="test.glib.models.TestLAxes" name="testGetSetGradColEnd"/>
  <testcase time="0.001" classname="test.glib.models.TestLAxes" name="testGetSetGradColStart"/>
  <testcase time="0" classname="test.glib.models.TestLAxes" name="testGetSetGradAngle"/>
  <testcase time="0" classname="test.glib.models.TestLAxes" name="testGetSetGradMidPt"/>
  <testcase time="0" classname="test.glib.models.TestLAxes" name="testGetSetHatchingsSep"/>
  <testcase time="0.001" classname="test.glib.models.TestLAxes" name="testGetSetHatchingsCol"/>
  <testcase time="0" classname="test.glib.models.TestLAxes" name="testGetSetHatchingsAngle"/>
  <testcase time="0" classname="test.glib.models.TestLAxes" name="testGetSetHatchingsWidth"/>
  <testcase time="0" classname="test.glib.models.TestLAxes" name="testGetSetRotationAngle"/>
  <testcase time="0" classname="test.glib.models.TestLAxes" name="testIsSetShowPts"/>
  <testcase time="0" classname="test.glib.models.TestLAxes" name="testhasSetDbleBord"/>
  <testcase time="0" classname="test.glib.models.TestLAxes" name="testGetSetDbleBordCol"/>
  <testcase time="0" classname="test.glib.models.TestLAxes" name="testGetSetDbleBordSep"/>
  <testcase time="0" classname="test.glib.models.TestLAxes" name="testHasSetShadow"/>
  <testcase time="0" classname="test.glib.models.TestLAxes" name="testGetSetShadowCol"/>
  <testcase time="0" classname="test.glib.models.TestLAxes" name="testGetSetShadowAngle"/>
  <testcase time="0" classname="test.glib.models.TestLAxes" name="testGetArrows"/>
  <testcase time="0" classname="test.glib.models.TestLAxes" name="testGetArrowAt"/>
  <testcase time="0" classname="test.glib.models.TestLAxes" name="testIsSetFilled"/>
  <testcase time="0.001" classname="test.glib.models.TestLAxes" name="testSetNewId"/>
  <testcase time="0" classname="test.glib.models.TestLAxes" name="testAddToRotationAngle"/>
  <testcase time="0" classname="test.glib.models.TestLAxes" name="testGetSetShadowSize"/>
  <testcase time="0" classname="test.glib.models.TestLAxes" name="testGetSetBorderPosition"/>
  <testcase time="0" classname="test.glib.models.TestLAxes" name="testGetSetOpacity"/>
  <testcase time="0" classname="test.glib.models.TestLAxes" name="testGetBorderGap"/>
  <testcase time="0" classname="test.glib.models.TestLAxes" name="testSetGetThickness"/>
  <testcase time="0.001" classname="test.glib.models.TestLAxes" name="testSetGetLineColour"/>
  <testcase time="0" classname="test.glib.models.TestLAxes" name="testSetGetLineStyle"/>
  <testcase time="0" classname="test.glib.models.TestLAxes" name="testSetGetDashSepWhite"/>
  <testcase time="0" classname="test.glib.models.TestLAxes" name="testSetGetDashSepBlack"/>
  <testcase time="0" classname="test.glib.models.TestLAxes" name="testSetGetDotSep"/>
  <testcase time="0" classname="test.glib.models.TestLAxes" name="testSetGetFillingCol"/>
  <testcase time="0" classname="test.glib.models.TestLAxes" name="testSetGetFillingStyle"/>
</testsuite>