<?xml version="1.0" encoding="UTF-8" ?>
<testsuite failures="3" time="0.017" errors="0" skipped="0" tests="23" name="test.glib.views.java2D.TestLSquareView">
  <properties>
    <property name="java.runtime.name" value="Java(TM) SE Runtime Environment"/>
    <property name="sun.boot.library.path" value="/opt/jdk1.6.0/jre/lib/amd64"/>
    <property name="java.vm.version" value="20.2-b03"/>
    <property name="awt.useSystemAAFontSettings" value="on"/>
    <property name="java.vm.vendor" value="Sun Microsystems Inc."/>
    <property name="java.vendor.url" value="http://java.sun.com/"/>
    <property name="path.separator" value=":"/>
    <property name="java.vm.name" value="Java HotSpot(TM) 64-Bit Server VM"/>
    <property name="file.encoding.pkg" value="sun.io"/>
    <property name="user.country" value="FR"/>
    <property name="sun.java.launcher" value="SUN_STANDARD"/>
    <property name="sun.os.patch.level" value="unknown"/>
    <property name="java.vm.specification.name" value="Java Virtual Machine Specification"/>
    <property name="user.dir" value="/home/ablouin/latexdraw/LaTeXDraw"/>
    <property name="java.runtime.version" value="1.6.0_27-ea-b03"/>
    <property name="java.awt.graphicsenv" value="sun.awt.X11GraphicsEnvironment"/>
    <property name="basedir" value="/home/ablouin/latexdraw/LaTeXDraw"/>
    <property name="java.endorsed.dirs" value="/opt/jdk1.6.0/jre/lib/endorsed"/>
    <property name="os.arch" value="amd64"/>
    <property name="surefire.real.class.path" value="/tmp/surefirebooter420774259632953736.jar"/>
    <property name="java.io.tmpdir" value="/tmp"/>
    <property name="line.separator" value="
"/>
    <property name="java.vm.specification.vendor" value="Sun Microsystems Inc."/>
    <property name="os.name" value="Linux"/>
    <property name="sun.jnu.encoding" value="UTF-8"/>
    <property name="java.library.path" value="/opt/jdk1.6.0/jre/lib/amd64/server:/opt/jdk1.6.0/jre/lib/amd64:/opt/jdk1.6.0/jre/../lib/amd64:/usr/java/packages/lib/amd64:/usr/lib64:/lib64:/lib:/usr/lib"/>
    <property name="surefire.test.class.path" value="/home/ablouin/latexdraw/LaTeXDraw/target/test-classes:/home/ablouin/latexdraw/LaTeXDraw/target/generated-classes/cobertura:/home/ablouin/.m2/repository/junit/junit/4.8.1/junit-4.8.1.jar:/home/ablouin/.m2/repository/net/sourceforge/cobertura/cobertura/1.9.4.1/cobertura-1.9.4.1.jar:/home/ablouin/.m2/repository/org/apache/ant/ant/1.7.0/ant-1.7.0.jar:/home/ablouin/.m2/repository/org/apache/ant/ant-launcher/1.7.0/ant-launcher-1.7.0.jar:"/>
    <property name="java.specification.name" value="Java Platform API Specification"/>
    <property name="java.class.version" value="50.0"/>
    <property name="sun.management.compiler" value="HotSpot 64-Bit Tiered Compilers"/>
    <property name="os.version" value="2.6.38-11-generic"/>
    <property name="user.home" value="/home/ablouin"/>
    <property name="user.timezone" value="Europe/Paris"/>
    <property name="java.awt.printerjob" value="sun.print.PSPrinterJob"/>
    <property name="java.specification.version" value="1.6"/>
    <property name="file.encoding" value="UTF-8"/>
    <property name="user.name" value="ablouin"/>
    <property name="java.class.path" value="/home/ablouin/latexdraw/LaTeXDraw/target/test-classes:/home/ablouin/latexdraw/LaTeXDraw/target/generated-classes/cobertura:/home/ablouin/.m2/repository/junit/junit/4.8.1/junit-4.8.1.jar:/home/ablouin/.m2/repository/net/sourceforge/cobertura/cobertura/1.9.4.1/cobertura-1.9.4.1.jar:/home/ablouin/.m2/repository/org/apache/ant/ant/1.7.0/ant-1.7.0.jar:/home/ablouin/.m2/repository/org/apache/ant/ant-launcher/1.7.0/ant-launcher-1.7.0.jar:"/>
    <property name="java.vm.specification.version" value="1.0"/>
    <property name="sun.arch.data.model" value="64"/>
    <property name="java.home" value="/opt/jdk1.6.0/jre"/>
    <property name="sun.java.command" value="/tmp/surefirebooter420774259632953736.jar /tmp/surefire1742914359697086055tmp /tmp/surefire6853630051778403284tmp"/>
    <property name="java.specification.vendor" value="Sun Microsystems Inc."/>
    <property name="user.language" value="fr"/>
    <property name="java.vm.info" value="mixed mode"/>
    <property name="java.version" value="1.6.0_27-ea"/>
    <property name="java.ext.dirs" value="/opt/jdk1.6.0/jre/lib/ext:/usr/java/packages/lib/ext"/>
    <property name="sun.boot.class.path" value="/opt/jdk1.6.0/jre/lib/resources.jar:/opt/jdk1.6.0/jre/lib/rt.jar:/opt/jdk1.6.0/jre/lib/sunrsasign.jar:/opt/jdk1.6.0/jre/lib/jsse.jar:/opt/jdk1.6.0/jre/lib/jce.jar:/opt/jdk1.6.0/jre/lib/charsets.jar:/opt/jdk1.6.0/jre/lib/modules/jdk.boot.jar:/opt/jdk1.6.0/jre/classes"/>
    <property name="java.vendor" value="Sun Microsystems Inc."/>
    <property name="localRepository" value="/home/ablouin/.m2/repository"/>
    <property name="file.separator" value="/"/>
    <property name="java.vendor.url.bug" value="http://java.sun.com/cgi-bin/bugreport.cgi"/>
    <property name="sun.cpu.endian" value="little"/>
    <property name="sun.io.unicode.encoding" value="UnicodeLittle"/>
    <property name="sun.desktop" value="gnome"/>
    <property name="sun.cpu.isalist" value=""/>
  </properties>
  <testcase time="0.002" classname="test.glib.views.java2D.TestLSquareView" name="testContains1"/>
  <testcase time="0.001" classname="test.glib.views.java2D.TestLSquareView" name="testContains2"/>
  <testcase time="0" classname="test.glib.views.java2D.TestLSquareView" name="testIntersects"/>
  <testcase time="0" classname="test.glib.views.java2D.TestLSquareView" name="testIntersectsInto"/>
  <testcase time="0.001" classname="test.glib.views.java2D.TestLSquareView" name="testIntersectsOut"/>
  <testcase time="0.001" classname="test.glib.views.java2D.TestLSquareView" name="testIntersectsMiddle"/>
  <testcase time="0.001" classname="test.glib.views.java2D.TestLSquareView" name="testIntersectsDbleMiddle">
    <failure message="todo" type="junit.framework.AssertionFailedError">junit.framework.AssertionFailedError: todo
	at junit.framework.Assert.fail(Assert.java:47)
	at test.glib.views.java2D.TestLRectangularView.testIntersectsDbleMiddle(TestLRectangularView.java:189)
	at sun.reflect.NativeMethodAccessorImpl.invoke0(Native Method)
	at sun.reflect.NativeMethodAccessorImpl.invoke(NativeMethodAccessorImpl.java:39)
	at sun.reflect.DelegatingMethodAccessorImpl.invoke(DelegatingMethodAccessorImpl.java:25)
	at java.lang.reflect.Method.invoke(Method.java:597)
	at junit.framework.TestCase.runTest(TestCase.java:168)
	at junit.framework.TestCase.runBare(TestCase.java:134)
	at junit.framework.TestResult$1.protect(TestResult.java:110)
	at junit.framework.TestResult.runProtected(TestResult.java:128)
	at junit.framework.TestResult.run(TestResult.java:113)
	at junit.framework.TestCase.run(TestCase.java:124)
	at junit.framework.TestSuite.runTest(TestSuite.java:232)
	at junit.framework.TestSuite.run(TestSuite.java:227)
	at org.junit.internal.runners.JUnit38ClassRunner.run(JUnit38ClassRunner.java:83)
	at org.apache.maven.surefire.junit4.JUnit4TestSet.execute(JUnit4TestSet.java:62)
	at org.apache.maven.surefire.suite.AbstractDirectoryTestSuite.executeTestSet(AbstractDirectoryTestSuite.java:140)
	at org.apache.maven.surefire.suite.AbstractDirectoryTestSuite.execute(AbstractDirectoryTestSuite.java:127)
	at org.apache.maven.surefire.Surefire.run(Surefire.java:177)
	at sun.reflect.NativeMethodAccessorImpl.invoke0(Native Method)
	at sun.reflect.NativeMethodAccessorImpl.invoke(NativeMethodAccessorImpl.java:39)
	at sun.reflect.DelegatingMethodAccessorImpl.invoke(DelegatingMethodAccessorImpl.java:25)
	at java.lang.reflect.Method.invoke(Method.java:597)
	at org.apache.maven.surefire.booter.SurefireBooter.runSuitesInProcess(SurefireBooter.java:345)
	at org.apache.maven.surefire.booter.SurefireBooter.main(SurefireBooter.java:1009)
</failure>
  </testcase>
  <testcase time="0.001" classname="test.glib.views.java2D.TestLSquareView" name="testIntersectsDbleInner">
    <failure message="todo" type="junit.framework.AssertionFailedError">junit.framework.AssertionFailedError: todo
	at junit.framework.Assert.fail(Assert.java:47)
	at test.glib.views.java2D.TestLRectangularView.testIntersectsDbleInner(TestLRectangularView.java:196)
	at sun.reflect.NativeMethodAccessorImpl.invoke0(Native Method)
	at sun.reflect.NativeMethodAccessorImpl.invoke(NativeMethodAccessorImpl.java:39)
	at sun.reflect.DelegatingMethodAccessorImpl.invoke(DelegatingMethodAccessorImpl.java:25)
	at java.lang.reflect.Method.invoke(Method.java:597)
	at junit.framework.TestCase.runTest(TestCase.java:168)
	at junit.framework.TestCase.runBare(TestCase.java:134)
	at junit.framework.TestResult$1.protect(TestResult.java:110)
	at junit.framework.TestResult.runProtected(TestResult.java:128)
	at junit.framework.TestResult.run(TestResult.java:113)
	at junit.framework.TestCase.run(TestCase.java:124)
	at junit.framework.TestSuite.runTest(TestSuite.java:232)
	at junit.framework.TestSuite.run(TestSuite.java:227)
	at org.junit.internal.runners.JUnit38ClassRunner.run(JUnit38ClassRunner.java:83)
	at org.apache.maven.surefire.junit4.JUnit4TestSet.execute(JUnit4TestSet.java:62)
	at org.apache.maven.surefire.suite.AbstractDirectoryTestSuite.executeTestSet(AbstractDirectoryTestSuite.java:140)
	at org.apache.maven.surefire.suite.AbstractDirectoryTestSuite.execute(AbstractDirectoryTestSuite.java:127)
	at org.apache.maven.surefire.Surefire.run(Surefire.java:177)
	at sun.reflect.NativeMethodAccessorImpl.invoke0(Native Method)
	at sun.reflect.NativeMethodAccessorImpl.invoke(NativeMethodAccessorImpl.java:39)
	at sun.reflect.DelegatingMethodAccessorImpl.invoke(DelegatingMethodAccessorImpl.java:25)
	at java.lang.reflect.Method.invoke(Method.java:597)
	at org.apache.maven.surefire.booter.SurefireBooter.runSuitesInProcess(SurefireBooter.java:345)
	at org.apache.maven.surefire.booter.SurefireBooter.main(SurefireBooter.java:1009)
</failure>
  </testcase>
  <testcase time="0" classname="test.glib.views.java2D.TestLSquareView" name="testIntersectsDbleOuter">
    <failure message="todo" type="junit.framework.AssertionFailedError">junit.framework.AssertionFailedError: todo
	at junit.framework.Assert.fail(Assert.java:47)
	at test.glib.views.java2D.TestLRectangularView.testIntersectsDbleOuter(TestLRectangularView.java:203)
	at sun.reflect.NativeMethodAccessorImpl.invoke0(Native Method)
	at sun.reflect.NativeMethodAccessorImpl.invoke(NativeMethodAccessorImpl.java:39)
	at sun.reflect.DelegatingMethodAccessorImpl.invoke(DelegatingMethodAccessorImpl.java:25)
	at java.lang.reflect.Method.invoke(Method.java:597)
	at junit.framework.TestCase.runTest(TestCase.java:168)
	at junit.framework.TestCase.runBare(TestCase.java:134)
	at junit.framework.TestResult$1.protect(TestResult.java:110)
	at junit.framework.TestResult.runProtected(TestResult.java:128)
	at junit.framework.TestResult.run(TestResult.java:113)
	at junit.framework.TestCase.run(TestCase.java:124)
	at junit.framework.TestSuite.runTest(TestSuite.java:232)
	at junit.framework.TestSuite.run(TestSuite.java:227)
	at org.junit.internal.runners.JUnit38ClassRunner.run(JUnit38ClassRunner.java:83)
	at org.apache.maven.surefire.junit4.JUnit4TestSet.execute(JUnit4TestSet.java:62)
	at org.apache.maven.surefire.suite.AbstractDirectoryTestSuite.executeTestSet(AbstractDirectoryTestSuite.java:140)
	at org.apache.maven.surefire.suite.AbstractDirectoryTestSuite.execute(AbstractDirectoryTestSuite.java:127)
	at org.apache.maven.surefire.Surefire.run(Surefire.java:177)
	at sun.reflect.NativeMethodAccessorImpl.invoke0(Native Method)
	at sun.reflect.NativeMethodAccessorImpl.invoke(NativeMethodAccessorImpl.java:39)
	at sun.reflect.DelegatingMethodAccessorImpl.invoke(DelegatingMethodAccessorImpl.java:25)
	at java.lang.reflect.Method.invoke(Method.java:597)
	at org.apache.maven.surefire.booter.SurefireBooter.runSuitesInProcess(SurefireBooter.java:345)
	at org.apache.maven.surefire.booter.SurefireBooter.main(SurefireBooter.java:1009)
</failure>
  </testcase>
  <testcase time="0" classname="test.glib.views.java2D.TestLSquareView" name="testUpdateDblePathInside"/>
  <testcase time="0.001" classname="test.glib.views.java2D.TestLSquareView" name="testUpdateDblePathMiddle"/>
  <testcase time="0.001" classname="test.glib.views.java2D.TestLSquareView" name="testUpdateDblePathOutside"/>
  <testcase time="0.001" classname="test.glib.views.java2D.TestLSquareView" name="testUpdateGeneralPathInside"/>
  <testcase time="0.001" classname="test.glib.views.java2D.TestLSquareView" name="testUpdateGeneralPathMiddle"/>
  <testcase time="0" classname="test.glib.views.java2D.TestLSquareView" name="testUpdateGeneralPathOutside"/>
  <testcase time="0" classname="test.glib.views.java2D.TestLSquareView" name="testPaint"/>
  <testcase time="0" classname="test.glib.views.java2D.TestLSquareView" name="testPaintBorders"/>
  <testcase time="0" classname="test.glib.views.java2D.TestLSquareView" name="testPaintShadow"/>
  <testcase time="0" classname="test.glib.views.java2D.TestLSquareView" name="testPaintShowPointsLines"/>
  <testcase time="0" classname="test.glib.views.java2D.TestLSquareView" name="testPaintShowPointsDots"/>
  <testcase time="0" classname="test.glib.views.java2D.TestLSquareView" name="testPaintFilling"/>
  <testcase time="0.001" classname="test.glib.views.java2D.TestLSquareView" name="testGetView"/>
  <testcase time="0" classname="test.glib.views.java2D.TestLSquareView" name="testUpdate"/>
</testsuite>