<?xml version="1.0" encoding="UTF-8" standalone="yes"?>
<testsuites time="0.225" tests="1" failures="0" errors="1">
    <testsuite tests="1" failures="0" errors="1" time="0.225" timestamp="2018-04-23T15:15:54">
        <properties>
[...]
</properties>
        <testcase name="AlfaModel" time="0.225" classname="net.sf.latexdraw.testautomation.AlfaModel">
            <error type="org.graphwalker.core.machine.MachineException" message="javax.script.ScriptException: ReferenceError: &quot;nbrOfShapes&quot; is not defined in &lt;eval&gt; at line number 1">
                org.graphwalker.core.machine.MachineException: javax.script.ScriptException: ReferenceError: "nbrOfShapes" is not defined in &lt;eval&gt; at line number 1
                	at org.graphwalker.core.machine.ExecutionContext.isAvailable(ExecutionContext.java:280)
                	at org.graphwalker.core.machine.ExecutionContext.filter(ExecutionContext.java:262)
                	at org.graphwalker.core.generator.RandomPath.getNextStep(RandomPath.java:66)
                	at org.graphwalker.core.machine.SimpleMachine.getNextStep(SimpleMachine.java:130)
                	at org.graphwalker.core.machine.SimpleMachine.takeNextStep(SimpleMachine.java:189)
                	at org.graphwalker.core.machine.SimpleMachine.walk(SimpleMachine.java:140)
                	at org.graphwalker.core.machine.SimpleMachine.getNextStep(SimpleMachine.java:102)
                	at org.graphwalker.java.test.TestExecutor.execute(TestExecutor.java:199)
                	at sun.reflect.NativeMethodAccessorImpl.invoke0(Native Method)
                	at sun.reflect.NativeMethodAccessorImpl.invoke(NativeMethodAccessorImpl.java:62)
                	at sun.reflect.DelegatingMethodAccessorImpl.invoke(DelegatingMethodAccessorImpl.java:43)
                	at java.lang.reflect.Method.invoke(Method.java:498)
                	at org.graphwalker.java.test.Reflections.invoke(Reflections.java:74)
                	at org.graphwalker.java.test.Reflector.execute(Reflector.java:125)
                	at org.graphwalker.maven.plugin.TestMojo.execute(TestMojo.java:153)
                	at org.apache.maven.plugin.DefaultBuildPluginManager.executeMojo(DefaultBuildPluginManager.java:134)
                	at org.apache.maven.lifecycle.internal.MojoExecutor.execute(MojoExecutor.java:207)
                	at org.apache.maven.lifecycle.internal.MojoExecutor.execute(MojoExecutor.java:153)
                	at org.apache.maven.lifecycle.internal.MojoExecutor.execute(MojoExecutor.java:145)
                	at org.apache.maven.lifecycle.internal.LifecycleModuleBuilder.buildProject(LifecycleModuleBuilder.java:116)
                	at org.apache.maven.lifecycle.internal.LifecycleModuleBuilder.buildProject(LifecycleModuleBuilder.java:80)
                	at org.apache.maven.lifecycle.internal.builder.singlethreaded.SingleThreadedBuilder.build(SingleThreadedBuilder.java:51)
                	at org.apache.maven.lifecycle.internal.LifecycleStarter.execute(LifecycleStarter.java:128)
                	at org.apache.maven.DefaultMaven.doExecute(DefaultMaven.java:307)
                	at org.apache.maven.DefaultMaven.doExecute(DefaultMaven.java:193)
                	at org.apache.maven.DefaultMaven.execute(DefaultMaven.java:106)
                	at org.apache.maven.cli.MavenCli.execute(MavenCli.java:863)
                	at org.apache.maven.cli.MavenCli.doMain(MavenCli.java:288)
                	at org.apache.maven.cli.MavenCli.main(MavenCli.java:199)
                	at sun.reflect.NativeMethodAccessorImpl.invoke0(Native Method)
                	at sun.reflect.NativeMethodAccessorImpl.invoke(NativeMethodAccessorImpl.java:62)
                	at sun.reflect.DelegatingMethodAccessorImpl.invoke(DelegatingMethodAccessorImpl.java:43)
                	at java.lang.reflect.Method.invoke(Method.java:498)
                	at org.codehaus.plexus.classworlds.launcher.Launcher.launchEnhanced(Launcher.java:289)
                	at org.codehaus.plexus.classworlds.launcher.Launcher.launch(Launcher.java:229)
                	at org.codehaus.plexus.classworlds.launcher.Launcher.mainWithExitCode(Launcher.java:415)
                	at org.codehaus.plexus.classworlds.launcher.Launcher.main(Launcher.java:356)
                Caused by: javax.script.ScriptException: ReferenceError: "nbrOfShapes" is not defined in &lt;eval&gt; at line number 1
                	at jdk.nashorn.api.scripting.NashornScriptEngine.throwAsScriptException(NashornScriptEngine.java:470)
                	at jdk.nashorn.api.scripting.NashornScriptEngine.evalImpl(NashornScriptEngine.java:454)
                	at jdk.nashorn.api.scripting.NashornScriptEngine.evalImpl(NashornScriptEngine.java:406)
                	at jdk.nashorn.api.scripting.NashornScriptEngine.evalImpl(NashornScriptEngine.java:402)
                	at jdk.nashorn.api.scripting.NashornScriptEngine.eval(NashornScriptEngine.java:155)
                	at javax.script.AbstractScriptEngine.eval(AbstractScriptEngine.java:264)
                	at org.graphwalker.core.machine.ExecutionContext.isAvailable(ExecutionContext.java:277)
                	... 36 more
                Caused by: &lt;eval&gt;:1 ReferenceError: "nbrOfShapes" is not defined
                	at jdk.nashorn.internal.runtime.ECMAErrors.error(ECMAErrors.java:57)
                	at jdk.nashorn.internal.runtime.ECMAErrors.referenceError(ECMAErrors.java:319)
                	at jdk.nashorn.internal.runtime.ECMAErrors.referenceError(ECMAErrors.java:291)
                	at jdk.nashorn.internal.objects.Global.__noSuchProperty__(Global.java:1441)
                	at jdk.nashorn.internal.scripts.Script$25$\^eval\_.:program(&lt;eval&gt;:1)
                	at jdk.nashorn.internal.runtime.ScriptFunctionData.invoke(ScriptFunctionData.java:637)
                	at jdk.nashorn.internal.runtime.ScriptFunction.invoke(ScriptFunction.java:494)
                	at jdk.nashorn.internal.runtime.ScriptRuntime.apply(ScriptRuntime.java:393)
                	at jdk.nashorn.api.scripting.NashornScriptEngine.evalImpl(NashornScriptEngine.java:449)
                	... 41 more
</error>
        </testcase>
    </testsuite>
</testsuites>
