-------------------------------------------------------------------------------
Test set: net.sf.latexdraw.instruments.TestTabSelector
-------------------------------------------------------------------------------
Tests run: 7, Failures: 4, Errors: 0, Skipped: 0, Time elapsed: 15.71 sec <<< FAILURE! - in net.sf.latexdraw.instruments.TestTabSelector
testClickCanvasActivationsOnSelectedShape(net.sf.latexdraw.instruments.TestTabSelector)  Time elapsed: 3.79 sec  <<< FAILURE!
org.mockito.exceptions.verification.WantedButNotInvoked: 
Wanted but not invoked:
deleter.setActivated(true);
-> at net.sf.latexdraw.instruments.ShapeDeleter.setActivated(ShapeDeleter.java:58)
Actually, there were zero interactions with this mock.

	at net.sf.latexdraw.instruments.ShapeDeleter.setActivated(ShapeDeleter.java:58)
	at net.sf.latexdraw.instruments.TestTabSelector.testClickCanvasActivationsOnSelectedShape(TestTabSelector.java:209)

testClickPrefActivations(net.sf.latexdraw.instruments.TestTabSelector)  Time elapsed: 1.904 sec  <<< FAILURE!
org.mockito.exceptions.verification.WantedButNotInvoked: 
Wanted but not invoked:
selector.setActivated(false, false);
-> at org.malai.javafx.instrument.JfxInstrument.setActivated(JfxInstrument.java:63)
Actually, there were zero interactions with this mock.

	at org.malai.javafx.instrument.JfxInstrument.setActivated(JfxInstrument.java:63)
	at net.sf.latexdraw.instruments.TestTabSelector.testClickPrefActivations(TestTabSelector.java:157)

testClickCanvasActivations(net.sf.latexdraw.instruments.TestTabSelector)  Time elapsed: 1.844 sec  <<< FAILURE!
org.mockito.exceptions.verification.WantedButNotInvoked: 
Wanted but not invoked:
selector.setActivated(true);
-> at net.sf.latexdraw.instruments.EditingSelector.setActivated(EditingSelector.java:217)
Actually, there were zero interactions with this mock.

	at net.sf.latexdraw.instruments.EditingSelector.setActivated(EditingSelector.java:217)
	at net.sf.latexdraw.instruments.TestTabSelector.testClickCanvasActivations(TestTabSelector.java:187)

testClickPSTActivations(net.sf.latexdraw.instruments.TestTabSelector)  Time elapsed: 2.179 sec  <<< FAILURE!
org.mockito.exceptions.verification.WantedButNotInvoked: 
Wanted but not invoked:
selector.setActivated(false, false);
-> at org.malai.javafx.instrument.JfxInstrument.setActivated(JfxInstrument.java:63)
Actually, there were zero interactions with this mock.

	at org.malai.javafx.instrument.JfxInstrument.setActivated(JfxInstrument.java:63)
	at net.sf.latexdraw.instruments.TestTabSelector.testClickPSTActivations(TestTabSelector.java:172)

