<?xml version="1.0" encoding="UTF-8"?>
<testsuite name="net.sf.latexdraw.models.impl.TestIArrow" time="0.194" tests="55" errors="0" skipped="0" failures="0">
  <properties>
[...]
</properties>
  <testcase name="testCopyArrow" classname="net.sf.latexdraw.models.impl.TestIArrow" time="0.036"/>
  <testcase name="testGetArrowShapeLengthNone" classname="net.sf.latexdraw.models.impl.TestIArrow" time="0"/>
  <testcase name="testGetSetArrowInsetKO" classname="net.sf.latexdraw.models.impl.TestIArrow" time="0.001"/>
  <testcase name="testGetSetArrowSizeDim" classname="net.sf.latexdraw.models.impl.TestIArrow" time="0"/>
  <testcase name="testGetSetArrowSizeNum" classname="net.sf.latexdraw.models.impl.TestIArrow" time="0"/>
  <testcase name="testConstructor2CopyOK" classname="net.sf.latexdraw.models.impl.TestIArrow" time="0.001"/>
  <testcase name="testGetArrowShapeLengthLeftArrow" classname="net.sf.latexdraw.models.impl.TestIArrow" time="0.009"/>
  <testcase name="testGetSetArrowSizeDimKO" classname="net.sf.latexdraw.models.impl.TestIArrow" time="0"/>
  <testcase name="testGetSetArrowSizeNumKO" classname="net.sf.latexdraw.models.impl.TestIArrow" time="0.001"/>
  <testcase name="testGetArrowShapeLengthRoundIn" classname="net.sf.latexdraw.models.impl.TestIArrow" time="0.001"/>
  <testcase name="testGetSetArrowStyleKO" classname="net.sf.latexdraw.models.impl.TestIArrow" time="0"/>
  <testcase name="testGetShape" classname="net.sf.latexdraw.models.impl.TestIArrow" time="0"/>
  <testcase name="testGetArrowShapeLengthRightArrow" classname="net.sf.latexdraw.models.impl.TestIArrow" time="0"/>
  <testcase name="testIsLeftArrowKO" classname="net.sf.latexdraw.models.impl.TestIArrow" time="0.006"/>
  <testcase name="testIsLeftArrowOK" classname="net.sf.latexdraw.models.impl.TestIArrow" time="0.001"/>
  <testcase name="testConstructor1NULL" classname="net.sf.latexdraw.models.impl.TestIArrow" time="0.001"/>
  <testcase name="testConstructor2NULLArrow" classname="net.sf.latexdraw.models.impl.TestIArrow" time="0.001"/>
  <testcase name="testGetArrowShapeLengthRightSquareBracket" classname="net.sf.latexdraw.models.impl.TestIArrow" time="0.001"/>
  <testcase name="testSetOnChangedNULL" classname="net.sf.latexdraw.models.impl.TestIArrow" time="0"/>
  <testcase name="testIsInvertedOKOnRight" classname="net.sf.latexdraw.models.impl.TestIArrow" time="0"/>
  <testcase name="testGetLineThickness" classname="net.sf.latexdraw.models.impl.TestIArrow" time="0.001"/>
  <testcase name="testGetSetrBracketNumKO" classname="net.sf.latexdraw.models.impl.TestIArrow" time="0.001"/>
  <testcase name="testHasStyleKO" classname="net.sf.latexdraw.models.impl.TestIArrow" time="0.001"/>
  <testcase name="testHasStyleOK" classname="net.sf.latexdraw.models.impl.TestIArrow" time="0"/>
  <testcase name="testIsInvertedOKOnLeft" classname="net.sf.latexdraw.models.impl.TestIArrow" time="0"/>
  <testcase name="testGetSetDotSizeDimKO" classname="net.sf.latexdraw.models.impl.TestIArrow" time="0"/>
  <testcase name="testGetSetDotSizeNumKO" classname="net.sf.latexdraw.models.impl.TestIArrow" time="0.001"/>
  <testcase name="testGetArrowShapeLengthDiskIn" classname="net.sf.latexdraw.models.impl.TestIArrow" time="0.001"/>
  <testcase name="testGetSetArrowLengthKO" classname="net.sf.latexdraw.models.impl.TestIArrow" time="0"/>
  <testcase name="testGetArrowLine" classname="net.sf.latexdraw.models.impl.TestIArrow" time="0.002"/>
  <testcase name="testGetArrowShapedWidth" classname="net.sf.latexdraw.models.impl.TestIArrow" time="0.001"/>
  <testcase name="testConstructor2NULLArrowable" classname="net.sf.latexdraw.models.impl.TestIArrow" time="0.001"/>
  <testcase name="testCopyNULL" classname="net.sf.latexdraw.models.impl.TestIArrow" time="0"/>
  <testcase name="testSetOnChanged" classname="net.sf.latexdraw.models.impl.TestIArrow" time="0.118"/>
  <testcase name="testIsInvertedKOOnLeft" classname="net.sf.latexdraw.models.impl.TestIArrow" time="0.001"/>
  <testcase name="testGetArrowShapeLengthDbleLeftArrow" classname="net.sf.latexdraw.models.impl.TestIArrow" time="0.001"/>
  <testcase name="testIsInvertedKOOnRight" classname="net.sf.latexdraw.models.impl.TestIArrow" time="0.001"/>
  <testcase name="testGetRoundShapedArrowRadius" classname="net.sf.latexdraw.models.impl.TestIArrow" time="0"/>
  <testcase name="testGetSetArrowInset" classname="net.sf.latexdraw.models.impl.TestIArrow" time="0"/>
  <testcase name="testGetSetArrowStyle" classname="net.sf.latexdraw.models.impl.TestIArrow" time="0"/>
  <testcase name="testGetArrowShapeLengthCircleIn" classname="net.sf.latexdraw.models.impl.TestIArrow" time="0.001"/>
  <testcase name="testGetSettBarSizeDim" classname="net.sf.latexdraw.models.impl.TestIArrow" time="0"/>
  <testcase name="testGetSettBarSizeNum" classname="net.sf.latexdraw.models.impl.TestIArrow" time="0"/>
  <testcase name="testGetSettBarSizeDimKO" classname="net.sf.latexdraw.models.impl.TestIArrow" time="0"/>
  <testcase name="testGetSettBarSizeNumKO" classname="net.sf.latexdraw.models.impl.TestIArrow" time="0"/>
  <testcase name="testGetSetArrowLength" classname="net.sf.latexdraw.models.impl.TestIArrow" time="0.001"/>
  <testcase name="testGetSetbracketNum" classname="net.sf.latexdraw.models.impl.TestIArrow" time="0.001"/>
  <testcase name="testGetArrowShapeLengthLeftSquareBracket" classname="net.sf.latexdraw.models.impl.TestIArrow" time="0.001"/>
  <testcase name="testGetSetDotSizeDim" classname="net.sf.latexdraw.models.impl.TestIArrow" time="0.001"/>
  <testcase name="testGetSetDotSizeNum" classname="net.sf.latexdraw.models.impl.TestIArrow" time="0"/>
  <testcase name="testGetSetbracketNumKO" classname="net.sf.latexdraw.models.impl.TestIArrow" time="0"/>
  <testcase name="testGetBarShapedArrowWidth" classname="net.sf.latexdraw.models.impl.TestIArrow" time="0"/>
  <testcase name="testGetSetrBracketNum" classname="net.sf.latexdraw.models.impl.TestIArrow" time="0"/>
  <testcase name="testGetBracketShapedArrowLength" classname="net.sf.latexdraw.models.impl.TestIArrow" time="0"/>
  <testcase name="testGetArrowShapeLengthDbleRightArrow" classname="net.sf.latexdraw.models.impl.TestIArrow" time="0"/>
</testsuite>