<?xml version="1.0" encoding="UTF-8"?>
<testsuite name="net.sf.latexdraw.instruments.TestEditingSelector" time="8.568" tests="8" errors="0" skipped="0" failures="4">
  <properties>
[...]
</properties>
  <testcase name="testClickTextNoTextCauseNoText" classname="net.sf.latexdraw.instruments.TestEditingSelector" time="4.346"/>
  <testcase name="testClickTextNoTextCauseNotActivated" classname="net.sf.latexdraw.instruments.TestEditingSelector" time="0.527"/>
  <testcase name="testClickHandActivationNoSelection" classname="net.sf.latexdraw.instruments.TestEditingSelector" time="0.537">
    <failure message="&#10;Argument(s) are different! Wanted:&#10;pencil.setActivated(false, false);&#10;-&gt; at org.malai.javafx.instrument.JfxInstrument.setActivated(JfxInstrument.java:63)&#10;Actual invocation has different arguments:&#10;pencil.setActivated(false);&#10;-&gt; at net.sf.latexdraw.instruments.EditingSelector.initialize(EditingSelector.java:149)&#10;" type="org.mockito.exceptions.verification.junit.ArgumentsAreDifferent">org.mockito.exceptions.verification.junit.ArgumentsAreDifferent: 
Argument(s) are different! Wanted:
pencil.setActivated(false, false);
-> at org.malai.javafx.instrument.JfxInstrument.setActivated(JfxInstrument.java:63)
Actual invocation has different arguments:
pencil.setActivated(false);
-> at net.sf.latexdraw.instruments.EditingSelector.initialize(EditingSelector.java:149)

	at org.malai.javafx.instrument.JfxInstrument.setActivated(JfxInstrument.java:63)
	at net.sf.latexdraw.instruments.TestEditingSelector.testClickHandActivationNoSelection(TestEditingSelector.java:159)
</failure>
  </testcase>
  <testcase name="testClickCodeInsert" classname="net.sf.latexdraw.instruments.TestEditingSelector" time="0.81"/>
  <testcase name="testClickTextCreatesText" classname="net.sf.latexdraw.instruments.TestEditingSelector" time="0.746">
    <failure message="expected:&lt;1&gt; but was:&lt;0&gt;" type="java.lang.AssertionError"><![CDATA[java.lang.AssertionError: expected:<1> but was:<0>
	at org.junit.Assert.fail(Assert.java:88)
	at org.junit.Assert.failNotEquals(Assert.java:834)
	at org.junit.Assert.assertEquals(Assert.java:645)
	at org.junit.Assert.assertEquals(Assert.java:631)
	at net.sf.latexdraw.instruments.TestEditingSelector.testClickTextCreatesText(TestEditingSelector.java:150)
]]></failure>
  </testcase>
  <testcase name="testClickHandActivationSelection" classname="net.sf.latexdraw.instruments.TestEditingSelector" time="0.519">
    <failure message="&#10;Wanted but not invoked:&#10;shapeDeleter.setActivated(true);&#10;-&gt; at net.sf.latexdraw.instruments.ShapeDeleter.setActivated(ShapeDeleter.java:58)&#10;Actually, there were zero interactions with this mock.&#10;" type="org.mockito.exceptions.verification.WantedButNotInvoked">org.mockito.exceptions.verification.WantedButNotInvoked: 
Wanted but not invoked:
shapeDeleter.setActivated(true);
-> at net.sf.latexdraw.instruments.ShapeDeleter.setActivated(ShapeDeleter.java:58)
Actually, there were zero interactions with this mock.

	at net.sf.latexdraw.instruments.ShapeDeleter.setActivated(ShapeDeleter.java:58)
	at net.sf.latexdraw.instruments.TestEditingSelector.testClickHandActivationSelection(TestEditingSelector.java:169)
</failure>
  </testcase>
  <testcase name="testLaunchNoCrash" classname="net.sf.latexdraw.instruments.TestEditingSelector" time="0.285"/>
  <testcase name="testClickShapeMode" classname="net.sf.latexdraw.instruments.TestEditingSelector" time="0.798">
    <failure message="testClickShapeMode(&quot;RECT&quot; &lt;from RECT&gt;)" type="org.junit.experimental.theories.internal.ParameterizedAssertionError"><![CDATA[org.junit.experimental.theories.internal.ParameterizedAssertionError: testClickShapeMode("RECT" <from RECT>)
	at net.sf.latexdraw.instruments.Pencil.setCurrentChoice(Pencil.java:414)
	at net.sf.latexdraw.instruments.TestEditingSelector.testClickShapeMode(TestEditingSelector.java:108)
]]></failure>
  </testcase>
</testsuite>