<?xml version="1.0" encoding="UTF-8"?>
<testsuite name="net.sf.latexdraw.models.impl.TestILine" time="0.388" tests="61" errors="0" skipped="0" failures="0">
  <properties>
[...]
</properties>
  <testcase name="testConstructors2OK" classname="net.sf.latexdraw.models.impl.TestILine" time="0.045"/>
  <testcase name="testConstructors3OK" classname="net.sf.latexdraw.models.impl.TestILine" time="0"/>
  <testcase name="testGetIntersectionSegmentHoriz" classname="net.sf.latexdraw.models.impl.TestILine" time="0.001"/>
  <testcase name="testSetP2IPoint" classname="net.sf.latexdraw.models.impl.TestILine" time="0"/>
  <testcase name="testGetIntersectionSegment" classname="net.sf.latexdraw.models.impl.TestILine" time="0"/>
  <testcase name="testUpdateAandB" classname="net.sf.latexdraw.models.impl.TestILine" time="0"/>
  <testcase name="testGetA" classname="net.sf.latexdraw.models.impl.TestILine" time="0.001"/>
  <testcase name="testGetB" classname="net.sf.latexdraw.models.impl.TestILine" time="0"/>
  <testcase name="testFindPointsNULL" classname="net.sf.latexdraw.models.impl.TestILine" time="0"/>
  <testcase name="testGetIntersectionSegmentVertKO" classname="net.sf.latexdraw.models.impl.TestILine" time="0"/>
  <testcase name="testUpdateAandBKO" classname="net.sf.latexdraw.models.impl.TestILine" time="0.001"/>
  <testcase name="testFindPoints" classname="net.sf.latexdraw.models.impl.TestILine" time="0"/>
  <testcase name="testIsHorizontalLineKO" classname="net.sf.latexdraw.models.impl.TestILine" time="0"/>
  <testcase name="testIsHorizontalLineOK" classname="net.sf.latexdraw.models.impl.TestILine" time="0"/>
  <testcase name="testGetIntersectionSegmentNULL" classname="net.sf.latexdraw.models.impl.TestILine" time="0"/>
  <testcase name="testGetIntersectionSegmentVert" classname="net.sf.latexdraw.models.impl.TestILine" time="0.001"/>
  <testcase name="testGetBottomRightPoint" classname="net.sf.latexdraw.models.impl.TestILine" time="0"/>
  <testcase name="testGetANaN" classname="net.sf.latexdraw.models.impl.TestILine" time="0.001"/>
  <testcase name="testGetBNaN" classname="net.sf.latexdraw.models.impl.TestILine" time="0"/>
  <testcase name="testSetP1IPointNULL" classname="net.sf.latexdraw.models.impl.TestILine" time="0"/>
  <testcase name="testGetPerpendicularLineDiagNULL" classname="net.sf.latexdraw.models.impl.TestILine" time="0"/>
  <testcase name="testGetTopLeftPoint" classname="net.sf.latexdraw.models.impl.TestILine" time="0.001"/>
  <testcase name="testGetIntersectionHoriz" classname="net.sf.latexdraw.models.impl.TestILine" time="0"/>
  <testcase name="testGetPerpendicularLineHoriz" classname="net.sf.latexdraw.models.impl.TestILine" time="0"/>
  <testcase name="testIsVerticalLineKO" classname="net.sf.latexdraw.models.impl.TestILine" time="0"/>
  <testcase name="testIsVerticalLineOK" classname="net.sf.latexdraw.models.impl.TestILine" time="0.001"/>
  <testcase name="testGetPoint1" classname="net.sf.latexdraw.models.impl.TestILine" time="0"/>
  <testcase name="testGetPoint2" classname="net.sf.latexdraw.models.impl.TestILine" time="0"/>
  <testcase name="testGetIntersectionSegmentKO" classname="net.sf.latexdraw.models.impl.TestILine" time="0"/>
  <testcase name="testGetIntersectionSegmentHorizKO" classname="net.sf.latexdraw.models.impl.TestILine" time="0.001"/>
  <testcase name="testGetIntersection" classname="net.sf.latexdraw.models.impl.TestILine" time="0"/>
  <testcase name="testGetIntersectionKO" classname="net.sf.latexdraw.models.impl.TestILine" time="0"/>
  <testcase name="testSetP1IPoint" classname="net.sf.latexdraw.models.impl.TestILine" time="0"/>
  <testcase name="testGetIntersectionNULL" classname="net.sf.latexdraw.models.impl.TestILine" time="0.001"/>
  <testcase name="testGetIntersectionVert" classname="net.sf.latexdraw.models.impl.TestILine" time="0"/>
  <testcase name="testGetPerpendicularLineDiag" classname="net.sf.latexdraw.models.impl.TestILine" time="0"/>
  <testcase name="testGetPerpendicularLineVert" classname="net.sf.latexdraw.models.impl.TestILine" time="0"/>
  <testcase name="testSetP2IPointNULL" classname="net.sf.latexdraw.models.impl.TestILine" time="0.001"/>
  <testcase name="testSetLineKO1" classname="net.sf.latexdraw.models.impl.TestILine" time="0"/>
  <testcase name="testSetLineKO2" classname="net.sf.latexdraw.models.impl.TestILine" time="0.001"/>
  <testcase name="testSetLineKO3" classname="net.sf.latexdraw.models.impl.TestILine" time="0"/>
  <testcase name="testSetLineKO4" classname="net.sf.latexdraw.models.impl.TestILine" time="0.001"/>
  <testcase name="testGetPerpendicularLineDiagKO" classname="net.sf.latexdraw.models.impl.TestILine" time="0.002"/>
  <testcase name="testGetSetX1" classname="net.sf.latexdraw.models.impl.TestILine" time="0.001"/>
  <testcase name="testGetSetX2" classname="net.sf.latexdraw.models.impl.TestILine" time="0.001"/>
  <testcase name="testGetSetY1" classname="net.sf.latexdraw.models.impl.TestILine" time="0.002"/>
  <testcase name="testGetSetY2" classname="net.sf.latexdraw.models.impl.TestILine" time="0.001"/>
  <testcase name="testLineAngleHoriz1" classname="net.sf.latexdraw.models.impl.TestILine" time="0.008"/>
  <testcase name="testLineAngleHoriz2" classname="net.sf.latexdraw.models.impl.TestILine" time="0.006"/>
  <testcase name="testConstructors2KO1" classname="net.sf.latexdraw.models.impl.TestILine" time="0.001"/>
  <testcase name="testConstructors2KO2" classname="net.sf.latexdraw.models.impl.TestILine" time="0.001"/>
  <testcase name="testConstructors3KO1" classname="net.sf.latexdraw.models.impl.TestILine" time="0.002"/>
  <testcase name="testConstructors3KO2" classname="net.sf.latexdraw.models.impl.TestILine" time="0.002"/>
  <testcase name="testSetP1IPointKO" classname="net.sf.latexdraw.models.impl.TestILine" time="0.001"/>
  <testcase name="testFindPointsKO1" classname="net.sf.latexdraw.models.impl.TestILine" time="0.001"/>
  <testcase name="testFindPointsKO2" classname="net.sf.latexdraw.models.impl.TestILine" time="0"/>
  <testcase name="testFindPointsKO3" classname="net.sf.latexdraw.models.impl.TestILine" time="0.001"/>
  <testcase name="testFindPointsKO4" classname="net.sf.latexdraw.models.impl.TestILine" time="0.001"/>
  <testcase name="testLineAngleVert" classname="net.sf.latexdraw.models.impl.TestILine" time="0.009"/>
  <testcase name="testSetP2IPointKO" classname="net.sf.latexdraw.models.impl.TestILine" time="0.002"/>
  <testcase name="testSetLine" classname="net.sf.latexdraw.models.impl.TestILine" time="0.289"/>
</testsuite>