<?xml version="1.0" encoding="UTF-8"?>
<testsuite name="net.sf.latexdraw.instruments.TestExceptionManager" time="2.226" tests="6" errors="0" skipped="0" failures="1">
  <properties>
[...]
</properties>
  <testcase name="testNotActivatedOnNoCrash" classname="net.sf.latexdraw.instruments.TestExceptionManager" time="0.486"/>
  <testcase name="testActivatedOnCrash" classname="net.sf.latexdraw.instruments.TestExceptionManager" time="0.276"/>
  <testcase name="testGetStageCreatesStage" classname="net.sf.latexdraw.instruments.TestExceptionManager" time="0.314"/>
  <testcase name="testActivatedOnAddedAsHandlerWithErrors" classname="net.sf.latexdraw.instruments.TestExceptionManager" time="0.229"/>
  <testcase name="testClickShowErrorStage" classname="net.sf.latexdraw.instruments.TestExceptionManager" time="0.702">
    <failure message="&#10;Wanted but not invoked:&#10;stage.show();&#10;-&gt; at javafx.stage.Stage.show(Stage.java:259)&#10;Actually, there were zero interactions with this mock.&#10;" type="org.mockito.exceptions.verification.WantedButNotInvoked">org.mockito.exceptions.verification.WantedButNotInvoked: 
Wanted but not invoked:
stage.show();
-> at javafx.stage.Stage.show(Stage.java:259)
Actually, there were zero interactions with this mock.

	at javafx.stage.Stage.show(Stage.java:259)
	at net.sf.latexdraw.instruments.TestExceptionManager.testClickShowErrorStage(TestExceptionManager.java:95)
</failure>
    <system-err><![CDATA[Apr 16, 2018 3:29:26 PM net.sf.latexdraw.badaboom.BadaboomCollector add
SEVERE: An Exception occured.
java.lang.IllegalArgumentException
	at net.sf.latexdraw.instruments.TestExceptionManager.testClickShowErrorStage(TestExceptionManager.java:92)
	at sun.reflect.NativeMethodAccessorImpl.invoke0(Native Method)
	at sun.reflect.NativeMethodAccessorImpl.invoke(NativeMethodAccessorImpl.java:62)
	at sun.reflect.DelegatingMethodAccessorImpl.invoke(DelegatingMethodAccessorImpl.java:43)
	at java.lang.reflect.Method.invoke(Method.java:498)
	at org.junit.runners.model.FrameworkMethod$1.runReflectiveCall(FrameworkMethod.java:50)
	at org.junit.internal.runners.model.ReflectiveCallable.run(ReflectiveCallable.java:12)
	at org.junit.runners.model.FrameworkMethod.invokeExplosively(FrameworkMethod.java:47)
	at org.junit.internal.runners.statements.InvokeMethod.evaluate(InvokeMethod.java:17)
	at org.junit.internal.runners.statements.RunBefores.evaluate(RunBefores.java:26)
	at org.junit.internal.runners.statements.RunAfters.evaluate(RunAfters.java:27)
	at org.junit.runners.ParentRunner.runLeaf(ParentRunner.java:325)
	at org.junit.runners.BlockJUnit4ClassRunner.runChild(BlockJUnit4ClassRunner.java:78)
	at org.junit.runners.BlockJUnit4ClassRunner.runChild(BlockJUnit4ClassRunner.java:57)
	at org.junit.runners.ParentRunner$3.run(ParentRunner.java:290)
	at org.junit.runners.ParentRunner$1.schedule(ParentRunner.java:71)
	at org.junit.runners.ParentRunner.runChildren(ParentRunner.java:288)
	at org.junit.runners.ParentRunner.access$000(ParentRunner.java:58)
	at org.junit.runners.ParentRunner$2.evaluate(ParentRunner.java:268)
	at org.junit.runners.ParentRunner.run(ParentRunner.java:363)
	at org.apache.maven.surefire.junit4.JUnit4Provider.execute(JUnit4Provider.java:264)
	at org.apache.maven.surefire.junit4.JUnit4Provider.executeTestSet(JUnit4Provider.java:153)
	at org.apache.maven.surefire.junit4.JUnit4Provider.invoke(JUnit4Provider.java:124)
	at org.apache.maven.surefire.booter.ForkedBooter.invokeProviderInSameClassLoader(ForkedBooter.java:200)
	at org.apache.maven.surefire.booter.ForkedBooter.runSuitesInProcess(ForkedBooter.java:153)
	at org.apache.maven.surefire.booter.ForkedBooter.main(ForkedBooter.java:103)

]]></system-err>
  </testcase>
  <testcase name="testLaunchNoCrash" classname="net.sf.latexdraw.instruments.TestExceptionManager" time="0.219"/>
</testsuite>