<?xml version="1.0" encoding="UTF-8"?>
<testsuite name="net.sf.latexdraw.instruments.TestDrawingPropGUI" time="12.223" tests="12" errors="0" skipped="0" failures="8">
  <properties>
    <property name="java.runtime.name" value="OpenJDK Runtime Environment"/>
    <property name="sun.boot.library.path" value="/usr/lib/jvm/java-8-openjdk-amd64/jre/lib/amd64"/>
    <property name="java.vm.version" value="25.162-b12"/>
    <property name="java.vm.vendor" value="Oracle Corporation"/>
    <property name="maven.multiModuleProjectDirectory" value="/home/leigh/Workspace/Graphwalker/latexdraw-master/latexdraw-core/net.sf.latexdraw"/>
    <property name="java.vendor.url" value="http://java.oracle.com/"/>
    <property name="path.separator" value=":"/>
    <property name="guice.disable.misplaced.annotation.check" value="true"/>
    <property name="java.vm.name" value="OpenJDK 64-Bit Server VM"/>
    <property name="file.encoding.pkg" value="sun.io"/>
    <property name="user.country" value="US"/>
    <property name="sun.java.launcher" value="SUN_STANDARD"/>
    <property name="sun.os.patch.level" value="unknown"/>
    <property name="java.vm.specification.name" value="Java Virtual Machine Specification"/>
    <property name="user.dir" value="/home/leigh/Workspace/Graphwalker/latexdraw-master/latexdraw-core/net.sf.latexdraw"/>
    <property name="java.runtime.version" value="1.8.0_162-8u162-b12-0ubuntu0.16.04.2-b12"/>
    <property name="java.awt.graphicsenv" value="sun.awt.X11GraphicsEnvironment"/>
    <property name="java.endorsed.dirs" value="/usr/lib/jvm/java-8-openjdk-amd64/jre/lib/endorsed"/>
    <property name="os.arch" value="amd64"/>
    <property name="java.io.tmpdir" value="/tmp"/>
    <property name="line.separator" value="&#10;"/>
    <property name="java.vm.specification.vendor" value="Oracle Corporation"/>
    <property name="os.name" value="Linux"/>
    <property name="classworlds.conf" value="/usr/share/maven/bin/m2.conf"/>
    <property name="sun.jnu.encoding" value="UTF-8"/>
    <property name="java.library.path" value="/usr/java/packages/lib/amd64:/usr/lib/x86_64-linux-gnu/jni:/lib/x86_64-linux-gnu:/usr/lib/x86_64-linux-gnu:/usr/lib/jni:/lib:/usr/lib"/>
    <property name="java.specification.name" value="Java Platform API Specification"/>
    <property name="java.class.version" value="52.0"/>
    <property name="sun.management.compiler" value="HotSpot 64-Bit Tiered Compilers"/>
    <property name="os.version" value="4.4.0-119-generic"/>
    <property name="user.home" value="/home/leigh"/>
    <property name="user.timezone" value="Europe/Stockholm"/>
    <property name="java.awt.printerjob" value="sun.print.PSPrinterJob"/>
    <property name="file.encoding" value="UTF-8"/>
    <property name="java.specification.version" value="1.8"/>
    <property name="user.name" value="leigh"/>
    <property name="java.class.path" value="/usr/share/maven/boot/plexus-classworlds-2.x.jar"/>
    <property name="java.vm.specification.version" value="1.8"/>
    <property name="sun.arch.data.model" value="64"/>
    <property name="java.home" value="/usr/lib/jvm/java-8-openjdk-amd64/jre"/>
    <property name="sun.java.command" value="org.codehaus.plexus.classworlds.launcher.Launcher test"/>
    <property name="java.specification.vendor" value="Oracle Corporation"/>
    <property name="user.language" value="en"/>
    <property name="awt.toolkit" value="sun.awt.X11.XToolkit"/>
    <property name="java.vm.info" value="mixed mode"/>
    <property name="java.version" value="1.8.0_162"/>
    <property name="java.ext.dirs" value="/usr/lib/jvm/java-8-openjdk-amd64/jre/lib/ext:/usr/java/packages/lib/ext"/>
    <property name="securerandom.source" value="file:/dev/./urandom"/>
    <property name="sun.boot.class.path" value="/usr/lib/jvm/java-8-openjdk-amd64/jre/lib/resources.jar:/usr/lib/jvm/java-8-openjdk-amd64/jre/lib/rt.jar:/usr/lib/jvm/java-8-openjdk-amd64/jre/lib/sunrsasign.jar:/usr/lib/jvm/java-8-openjdk-amd64/jre/lib/jsse.jar:/usr/lib/jvm/java-8-openjdk-amd64/jre/lib/jce.jar:/usr/lib/jvm/java-8-openjdk-amd64/jre/lib/charsets.jar:/usr/lib/jvm/java-8-openjdk-amd64/jre/lib/jfr.jar:/usr/lib/jvm/java-8-openjdk-amd64/jre/classes"/>
    <property name="java.vendor" value="Oracle Corporation"/>
    <property name="maven.home" value="/usr/share/maven"/>
    <property name="file.separator" value="/"/>
    <property name="java.vendor.url.bug" value="http://bugreport.sun.com/bugreport/"/>
    <property name="sun.cpu.endian" value="little"/>
    <property name="sun.io.unicode.encoding" value="UnicodeLittle"/>
    <property name="sun.desktop" value="gnome"/>
    <property name="sun.cpu.isalist" value=""/>
  </properties>
  <testcase name="testSetCaption" classname="net.sf.latexdraw.instruments.TestDrawingPropGUI" time="2.822">
    <failure message="expected:&lt;[new Title]&gt; but was:&lt;[]&gt;" type="org.junit.ComparisonFailure"><![CDATA[org.junit.ComparisonFailure: expected:<[new Title]> but was:<[]>
	at org.junit.Assert.assertEquals(Assert.java:115)
	at org.junit.Assert.assertEquals(Assert.java:144)
	at net.sf.latexdraw.instruments.TestDrawingPropGUI.testSetCaption(TestDrawingPropGUI.java:74)
]]></failure>
  </testcase>
  <testcase name="testSePositionHEREHERE" classname="net.sf.latexdraw.instruments.TestDrawingPropGUI" time="0.723">
    <failure message="expected:&lt;H&gt; but was:&lt;&gt;" type="java.lang.AssertionError"><![CDATA[java.lang.AssertionError: expected:<H> but was:<>
	at org.junit.Assert.fail(Assert.java:88)
	at org.junit.Assert.failNotEquals(Assert.java:834)
	at org.junit.Assert.assertEquals(Assert.java:118)
	at org.junit.Assert.assertEquals(Assert.java:144)
	at net.sf.latexdraw.instruments.TestDrawingPropGUI.testSePositionHEREHERE(TestDrawingPropGUI.java:115)
]]></failure>
  </testcase>
  <testcase name="testSePositionBOTTOM" classname="net.sf.latexdraw.instruments.TestDrawingPropGUI" time="0.812">
    <failure message="expected:&lt;b&gt; but was:&lt;&gt;" type="java.lang.AssertionError"><![CDATA[java.lang.AssertionError: expected:<b> but was:<>
	at org.junit.Assert.fail(Assert.java:88)
	at org.junit.Assert.failNotEquals(Assert.java:834)
	at org.junit.Assert.assertEquals(Assert.java:118)
	at org.junit.Assert.assertEquals(Assert.java:144)
	at net.sf.latexdraw.instruments.TestDrawingPropGUI.testSePositionBOTTOM(TestDrawingPropGUI.java:97)
]]></failure>
  </testcase>
  <testcase name="testSePositionFLOAT" classname="net.sf.latexdraw.instruments.TestDrawingPropGUI" time="0.735">
    <failure message="expected:&lt;p&gt; but was:&lt;&gt;" type="java.lang.AssertionError"><![CDATA[java.lang.AssertionError: expected:<p> but was:<>
	at org.junit.Assert.fail(Assert.java:88)
	at org.junit.Assert.failNotEquals(Assert.java:834)
	at org.junit.Assert.assertEquals(Assert.java:118)
	at org.junit.Assert.assertEquals(Assert.java:144)
	at net.sf.latexdraw.instruments.TestDrawingPropGUI.testSePositionFLOAT(TestDrawingPropGUI.java:103)
]]></failure>
  </testcase>
  <testcase name="testTitledPaneVisible" classname="net.sf.latexdraw.instruments.TestDrawingPropGUI" time="0.241"/>
  <testcase name="testSePositionTOP" classname="net.sf.latexdraw.instruments.TestDrawingPropGUI" time="0.865">
    <failure message="expected:&lt;t&gt; but was:&lt;&gt;" type="java.lang.AssertionError"><![CDATA[java.lang.AssertionError: expected:<t> but was:<>
	at org.junit.Assert.fail(Assert.java:88)
	at org.junit.Assert.failNotEquals(Assert.java:834)
	at org.junit.Assert.assertEquals(Assert.java:118)
	at org.junit.Assert.assertEquals(Assert.java:144)
	at net.sf.latexdraw.instruments.TestDrawingPropGUI.testSePositionTOP(TestDrawingPropGUI.java:121)
]]></failure>
  </testcase>
  <testcase name="testSetMiddleHoriz" classname="net.sf.latexdraw.instruments.TestDrawingPropGUI" time="0.482"/>
  <testcase name="testSePositionHERE" classname="net.sf.latexdraw.instruments.TestDrawingPropGUI" time="0.73">
    <failure message="expected:&lt;h&gt; but was:&lt;&gt;" type="java.lang.AssertionError"><![CDATA[java.lang.AssertionError: expected:<h> but was:<>
	at org.junit.Assert.fail(Assert.java:88)
	at org.junit.Assert.failNotEquals(Assert.java:834)
	at org.junit.Assert.assertEquals(Assert.java:118)
	at org.junit.Assert.assertEquals(Assert.java:144)
	at net.sf.latexdraw.instruments.TestDrawingPropGUI.testSePositionHERE(TestDrawingPropGUI.java:109)
]]></failure>
  </testcase>
  <testcase name="testSePositionNONE" classname="net.sf.latexdraw.instruments.TestDrawingPropGUI" time="0.504"/>
  <testcase name="testSetLabel" classname="net.sf.latexdraw.instruments.TestDrawingPropGUI" time="2.741">
    <failure message="expected:&lt;[newLabel]&gt; but was:&lt;[]&gt;" type="org.junit.ComparisonFailure"><![CDATA[org.junit.ComparisonFailure: expected:<[newLabel]> but was:<[]>
	at org.junit.Assert.assertEquals(Assert.java:115)
	at org.junit.Assert.assertEquals(Assert.java:144)
	at net.sf.latexdraw.instruments.TestDrawingPropGUI.testSetLabel(TestDrawingPropGUI.java:80)
]]></failure>
  </testcase>
  <testcase name="testSetScale" classname="net.sf.latexdraw.instruments.TestDrawingPropGUI" time="1.328">
    <failure message="Values should be different. Actual: 1.0" type="java.lang.AssertionError">java.lang.AssertionError: Values should be different. Actual: 1.0
	at org.junit.Assert.fail(Assert.java:88)
	at org.junit.Assert.failEquals(Assert.java:185)
	at org.junit.Assert.assertNotEquals(Assert.java:232)
	at org.junit.Assert.assertNotEquals(Assert.java:249)
	at net.sf.latexdraw.instruments.robot.FxRobotSpinner.doTestSpinner(FxRobotSpinner.java:39)
	at net.sf.latexdraw.instruments.TestDrawingPropGUI.testSetScale(TestDrawingPropGUI.java:85)
</failure>
  </testcase>
  <testcase name="testLaunchNoCrash" classname="net.sf.latexdraw.instruments.TestDrawingPropGUI" time="0.24"/>
</testsuite>