<?xml version="1.0" encoding="UTF-8"?>
<testsuite name="net.sf.latexdraw.models.impl.TestIGroup" time="0.45" tests="97" errors="0" skipped="0" failures="0">
  <properties>
[...]
</properties>
  <testcase name="testGetAxesDistLabelsXNoAxes" classname="net.sf.latexdraw.models.impl.TestIGroup" time="0.003"/>
  <testcase name="testSetAxesticksSize" classname="net.sf.latexdraw.models.impl.TestIGroup" time="0.003"/>
  <testcase name="testGetFullBottomRightPointKO" classname="net.sf.latexdraw.models.impl.TestIGroup" time="0.029"/>
  <testcase name="testSetHasHatchings" classname="net.sf.latexdraw.models.impl.TestIGroup" time="0.001"/>
  <testcase name="testGetTopLeftPointKO" classname="net.sf.latexdraw.models.impl.TestIGroup" time="0.002"/>
  <testcase name="testGetAxesDistLabelsXOk" classname="net.sf.latexdraw.models.impl.TestIGroup" time="0.001"/>
  <testcase name="testGetAxesDistLabelsYOk" classname="net.sf.latexdraw.models.impl.TestIGroup" time="0.001"/>
  <testcase name="testGetAxesIncrementOk" classname="net.sf.latexdraw.models.impl.TestIGroup" time="0.001"/>
  <testcase name="testSetDotStyle" classname="net.sf.latexdraw.models.impl.TestIGroup" time="0.003"/>
  <testcase name="testGetSetRotationAngle" classname="net.sf.latexdraw.models.impl.TestIGroup" time="0.001"/>
  <testcase name="testGetSetHatchingsAngle" classname="net.sf.latexdraw.models.impl.TestIGroup" time="0.004"/>
  <testcase name="testGetSetHatchingsWidth" classname="net.sf.latexdraw.models.impl.TestIGroup" time="0.003"/>
  <testcase name="testGetAxesIncrementYNoAxes" classname="net.sf.latexdraw.models.impl.TestIGroup" time="0.001"/>
  <testcase name="testDuplicateArrow" classname="net.sf.latexdraw.models.impl.TestIGroup" time="0.006"/>
  <testcase name="testSetGetDotSep" classname="net.sf.latexdraw.models.impl.TestIGroup" time="0.003"/>
  <testcase name="testSetAxesIncrement" classname="net.sf.latexdraw.models.impl.TestIGroup" time="0.003"/>
  <testcase name="testGetAxesDistLabelsOk" classname="net.sf.latexdraw.models.impl.TestIGroup" time="0.002"/>
  <testcase name="testSetShowOrigin" classname="net.sf.latexdraw.models.impl.TestIGroup" time="0.002"/>
  <testcase name="testGetAxesDistLabelsYNoAxes" classname="net.sf.latexdraw.models.impl.TestIGroup" time="0.001"/>
  <testcase name="testHasSetDbleBord" classname="net.sf.latexdraw.models.impl.TestIGroup" time="0.002"/>
  <testcase name="testGetSetBorderPosition" classname="net.sf.latexdraw.models.impl.TestIGroup" time="0.002"/>
  <testcase name="testGetAxesTicksStyleOk" classname="net.sf.latexdraw.models.impl.TestIGroup" time="0.002"/>
  <testcase name="testGetNbPoints" classname="net.sf.latexdraw.models.impl.TestIGroup" time="0"/>
  <testcase name="testSetHasHatchingsKO" classname="net.sf.latexdraw.models.impl.TestIGroup" time="0.002"/>
  <testcase name="testSetGetDashSepBlack" classname="net.sf.latexdraw.models.impl.TestIGroup" time="0.002"/>
  <testcase name="testGetAxesDistLabelsNoAxes" classname="net.sf.latexdraw.models.impl.TestIGroup" time="0"/>
  <testcase name="testSetGetDashSepWhite" classname="net.sf.latexdraw.models.impl.TestIGroup" time="0.003"/>
  <testcase name="testGetGravityCentreKO" classname="net.sf.latexdraw.models.impl.TestIGroup" time="0"/>
  <testcase name="testGetSetGradColEndKO" classname="net.sf.latexdraw.models.impl.TestIGroup" time="0.001"/>
  <testcase name="testGetSetGradColStart" classname="net.sf.latexdraw.models.impl.TestIGroup" time="0.002"/>
  <testcase name="testGetBottomLeftPoint" classname="net.sf.latexdraw.models.impl.TestIGroup" time="0.002"/>
  <testcase name="testSetHasGradient" classname="net.sf.latexdraw.models.impl.TestIGroup" time="0.001"/>
  <testcase name="testGetSetGradColStartKO" classname="net.sf.latexdraw.models.impl.TestIGroup" time="0.001"/>
  <testcase name="testSetGetLineColour" classname="net.sf.latexdraw.models.impl.TestIGroup" time="0.001"/>
  <testcase name="testGetBottomRightPoint" classname="net.sf.latexdraw.models.impl.TestIGroup" time="0.001"/>
  <testcase name="testSetGetFillingStyle" classname="net.sf.latexdraw.models.impl.TestIGroup" time="0.002"/>
  <testcase name="testSetAxesdistLabels" classname="net.sf.latexdraw.models.impl.TestIGroup" time="0.002"/>
  <testcase name="testGetPtAt" classname="net.sf.latexdraw.models.impl.TestIGroup" time="0"/>
  <testcase name="testGetTopRightPointKO" classname="net.sf.latexdraw.models.impl.TestIGroup" time="0.001"/>
  <testcase name="testIsSetShowPts" classname="net.sf.latexdraw.models.impl.TestIGroup" time="0.003"/>
  <testcase name="testGetFullTopLeftPoint" classname="net.sf.latexdraw.models.impl.TestIGroup" time="0.027"/>
  <testcase name="testGetDotStyleNoDot" classname="net.sf.latexdraw.models.impl.TestIGroup" time="0.001"/>
  <testcase name="testGetAxesTicksSizeNoAxes" classname="net.sf.latexdraw.models.impl.TestIGroup" time="0.002"/>
  <testcase name="testSetGetLineColourWithDot" classname="net.sf.latexdraw.models.impl.TestIGroup" time="0.001"/>
  <testcase name="testGetAxesIncrementXOk" classname="net.sf.latexdraw.models.impl.TestIGroup" time="0.001"/>
  <testcase name="testGetAxesIncrementYOk" classname="net.sf.latexdraw.models.impl.TestIGroup" time="0.001"/>
  <testcase name="testSetAxesDistLabelsX" classname="net.sf.latexdraw.models.impl.TestIGroup" time="0.003"/>
  <testcase name="testSetAxesDistLabelsY" classname="net.sf.latexdraw.models.impl.TestIGroup" time="0.005"/>
  <testcase name="testSetAxesticksDisplayed" classname="net.sf.latexdraw.models.impl.TestIGroup" time="0.003"/>
  <testcase name="testSetGetFillingCol" classname="net.sf.latexdraw.models.impl.TestIGroup" time="0.004"/>
  <testcase name="testGetAxesLabelsDisplayNoAxes" classname="net.sf.latexdraw.models.impl.TestIGroup" time="0.001"/>
  <testcase name="testCannotAddShapeWhichIsEmptyGroup" classname="net.sf.latexdraw.models.impl.TestIGroup" time="0.001"/>
  <testcase name="testSetAxesticksStyle" classname="net.sf.latexdraw.models.impl.TestIGroup" time="0.002"/>
  <testcase name="testGetAxesAxesStyleNoAxes" classname="net.sf.latexdraw.models.impl.TestIGroup" time="0.001"/>
  <testcase name="testGetDotStyleOK" classname="net.sf.latexdraw.models.impl.TestIGroup" time="0"/>
  <testcase name="testGetAxesTicksSizeOk" classname="net.sf.latexdraw.models.impl.TestIGroup" time="0.001"/>
  <testcase name="testHasSetShadow" classname="net.sf.latexdraw.models.impl.TestIGroup" time="0.002"/>
  <testcase name="testSetAxesStyle" classname="net.sf.latexdraw.models.impl.TestIGroup" time="0.002"/>
  <testcase name="testSetGetLineStyle" classname="net.sf.latexdraw.models.impl.TestIGroup" time="0.003"/>
  <testcase name="testGetTopLeftPoint" classname="net.sf.latexdraw.models.impl.TestIGroup" time="0.001"/>
  <testcase name="testSetAxesLabelsDisplay" classname="net.sf.latexdraw.models.impl.TestIGroup" time="0.002"/>
  <testcase name="testGetBottomRightPointKO" classname="net.sf.latexdraw.models.impl.TestIGroup" time="0.001"/>
  <testcase name="testIsSetFilled" classname="net.sf.latexdraw.models.impl.TestIGroup" time="0.002"/>
  <testcase name="testGetAxesTicksDisplayOk" classname="net.sf.latexdraw.models.impl.TestIGroup" time="0.001"/>
  <testcase name="testGetTopRightPoint" classname="net.sf.latexdraw.models.impl.TestIGroup" time="0"/>
  <testcase name="testGetSetShadowCol" classname="net.sf.latexdraw.models.impl.TestIGroup" time="0.004"/>
  <testcase name="testGetAxesLabelsDisplayOk" classname="net.sf.latexdraw.models.impl.TestIGroup" time="0"/>
  <testcase name="testGetGravityCentre" classname="net.sf.latexdraw.models.impl.TestIGroup" time="0.002"/>
  <testcase name="testGetAxesShowOriginOk" classname="net.sf.latexdraw.models.impl.TestIGroup" time="0.001"/>
  <testcase name="testGetFullTopLeftPointKO" classname="net.sf.latexdraw.models.impl.TestIGroup" time="0.003"/>
  <testcase name="testSetAxesIncrementX" classname="net.sf.latexdraw.models.impl.TestIGroup" time="0"/>
  <testcase name="testSetAxesIncrementY" classname="net.sf.latexdraw.models.impl.TestIGroup" time="0.003"/>
  <testcase name="testGetAxesTicksStyleNoAxes" classname="net.sf.latexdraw.models.impl.TestIGroup" time="0.001"/>
  <testcase name="testSetHasGradientKO" classname="net.sf.latexdraw.models.impl.TestIGroup" time="0"/>
  <testcase name="testGetAxesIncrementNoAxes" classname="net.sf.latexdraw.models.impl.TestIGroup" time="0"/>
  <testcase name="testGetSetHatchingsCol" classname="net.sf.latexdraw.models.impl.TestIGroup" time="0.003"/>
  <testcase name="testGetSetHatchingsSep" classname="net.sf.latexdraw.models.impl.TestIGroup" time="0.003"/>
  <testcase name="testSetGetThickness" classname="net.sf.latexdraw.models.impl.TestIGroup" time="0.003"/>
  <testcase name="testGetFullBottomRightPoint" classname="net.sf.latexdraw.models.impl.TestIGroup" time="0.001"/>
  <testcase name="testGetSetGradAngle" classname="net.sf.latexdraw.models.impl.TestIGroup" time="0.003"/>
  <testcase name="testGetSetGradMidPt" classname="net.sf.latexdraw.models.impl.TestIGroup" time="0.003"/>
  <testcase name="testGetSetShadowSize" classname="net.sf.latexdraw.models.impl.TestIGroup" time="0.003"/>
  <testcase name="testGetAxesAxesStyleOk" classname="net.sf.latexdraw.models.impl.TestIGroup" time="0"/>
  <testcase name="testHasHatchingsWithUnstylableShape" classname="net.sf.latexdraw.models.impl.TestIGroup" time="0.001"/>
  <testcase name="testGetSetGradColEnd" classname="net.sf.latexdraw.models.impl.TestIGroup" time="0.001"/>
  <testcase name="testGetAxesTicksDisplayNoAxes" classname="net.sf.latexdraw.models.impl.TestIGroup" time="0.001"/>
  <testcase name="testGetBottomLeftPointKO" classname="net.sf.latexdraw.models.impl.TestIGroup" time="0"/>
  <testcase name="testDuplicate" classname="net.sf.latexdraw.models.impl.TestIGroup" time="0"/>
  <testcase name="testGetAxesIncrementXNoAxes" classname="net.sf.latexdraw.models.impl.TestIGroup" time="0.001"/>
  <testcase name="testGetSetDbleBordCol" classname="net.sf.latexdraw.models.impl.TestIGroup" time="0.003"/>
  <testcase name="testGetSetDbleBordSep" classname="net.sf.latexdraw.models.impl.TestIGroup" time="0.003"/>
  <testcase name="testGetSetShadowAngle" classname="net.sf.latexdraw.models.impl.TestIGroup" time="0.004"/>
  <testcase name="testIsTypeOfKO" classname="net.sf.latexdraw.models.impl.TestIGroup" time="0"/>
  <testcase name="testIsTypeOfOK" classname="net.sf.latexdraw.models.impl.TestIGroup" time="0"/>
  <testcase name="testGetAxesShowOriginNoAxes" classname="net.sf.latexdraw.models.impl.TestIGroup" time="0"/>
  <testcase name="testIsTypeOf" classname="net.sf.latexdraw.models.impl.TestIGroup" time="0.052"/>
  <testcase name="testAddToRotationAngle" classname="net.sf.latexdraw.models.impl.TestIGroup" time="0.183"/>
</testsuite>