<?xml version="1.0" encoding="UTF-8"?>
<testsuite name="net.sf.latexdraw.instruments.TestDrawingPropGUI" time="12.223" tests="12" errors="0" skipped="0" failures="8">
  <properties>
[...]
</properties>
  <testcase name="testSetCaption" classname="net.sf.latexdraw.instruments.TestDrawingPropGUI" time="2.822">
    <failure message="expected:&lt;[new Title]&gt; but was:&lt;[]&gt;" type="org.junit.ComparisonFailure"><![CDATA[org.junit.ComparisonFailure: expected:<[new Title]> but was:<[]>
	at org.junit.Assert.assertEquals(Assert.java:115)
	at org.junit.Assert.assertEquals(Assert.java:144)
	at net.sf.latexdraw.instruments.TestDrawingPropGUI.testSetCaption(TestDrawingPropGUI.java:74)
]]></failure>
  </testcase>
  <testcase name="testSePositionHEREHERE" classname="net.sf.latexdraw.instruments.TestDrawingPropGUI" time="0.723">
    <failure message="expected:&lt;H&gt; but was:&lt;&gt;" type="java.lang.AssertionError"><![CDATA[java.lang.AssertionError: expected:<H> but was:<>
	at org.junit.Assert.fail(Assert.java:88)
	at org.junit.Assert.failNotEquals(Assert.java:834)
	at org.junit.Assert.assertEquals(Assert.java:118)
	at org.junit.Assert.assertEquals(Assert.java:144)
	at net.sf.latexdraw.instruments.TestDrawingPropGUI.testSePositionHEREHERE(TestDrawingPropGUI.java:115)
]]></failure>
  </testcase>
  <testcase name="testSePositionBOTTOM" classname="net.sf.latexdraw.instruments.TestDrawingPropGUI" time="0.812">
    <failure message="expected:&lt;b&gt; but was:&lt;&gt;" type="java.lang.AssertionError"><![CDATA[java.lang.AssertionError: expected:<b> but was:<>
	at org.junit.Assert.fail(Assert.java:88)
	at org.junit.Assert.failNotEquals(Assert.java:834)
	at org.junit.Assert.assertEquals(Assert.java:118)
	at org.junit.Assert.assertEquals(Assert.java:144)
	at net.sf.latexdraw.instruments.TestDrawingPropGUI.testSePositionBOTTOM(TestDrawingPropGUI.java:97)
]]></failure>
  </testcase>
  <testcase name="testSePositionFLOAT" classname="net.sf.latexdraw.instruments.TestDrawingPropGUI" time="0.735">
    <failure message="expected:&lt;p&gt; but was:&lt;&gt;" type="java.lang.AssertionError"><![CDATA[java.lang.AssertionError: expected:<p> but was:<>
	at org.junit.Assert.fail(Assert.java:88)
	at org.junit.Assert.failNotEquals(Assert.java:834)
	at org.junit.Assert.assertEquals(Assert.java:118)
	at org.junit.Assert.assertEquals(Assert.java:144)
	at net.sf.latexdraw.instruments.TestDrawingPropGUI.testSePositionFLOAT(TestDrawingPropGUI.java:103)
]]></failure>
  </testcase>
  <testcase name="testTitledPaneVisible" classname="net.sf.latexdraw.instruments.TestDrawingPropGUI" time="0.241"/>
  <testcase name="testSePositionTOP" classname="net.sf.latexdraw.instruments.TestDrawingPropGUI" time="0.865">
    <failure message="expected:&lt;t&gt; but was:&lt;&gt;" type="java.lang.AssertionError"><![CDATA[java.lang.AssertionError: expected:<t> but was:<>
	at org.junit.Assert.fail(Assert.java:88)
	at org.junit.Assert.failNotEquals(Assert.java:834)
	at org.junit.Assert.assertEquals(Assert.java:118)
	at org.junit.Assert.assertEquals(Assert.java:144)
	at net.sf.latexdraw.instruments.TestDrawingPropGUI.testSePositionTOP(TestDrawingPropGUI.java:121)
]]></failure>
  </testcase>
  <testcase name="testSetMiddleHoriz" classname="net.sf.latexdraw.instruments.TestDrawingPropGUI" time="0.482"/>
  <testcase name="testSePositionHERE" classname="net.sf.latexdraw.instruments.TestDrawingPropGUI" time="0.73">
    <failure message="expected:&lt;h&gt; but was:&lt;&gt;" type="java.lang.AssertionError"><![CDATA[java.lang.AssertionError: expected:<h> but was:<>
	at org.junit.Assert.fail(Assert.java:88)
	at org.junit.Assert.failNotEquals(Assert.java:834)
	at org.junit.Assert.assertEquals(Assert.java:118)
	at org.junit.Assert.assertEquals(Assert.java:144)
	at net.sf.latexdraw.instruments.TestDrawingPropGUI.testSePositionHERE(TestDrawingPropGUI.java:109)
]]></failure>
  </testcase>
  <testcase name="testSePositionNONE" classname="net.sf.latexdraw.instruments.TestDrawingPropGUI" time="0.504"/>
  <testcase name="testSetLabel" classname="net.sf.latexdraw.instruments.TestDrawingPropGUI" time="2.741">
    <failure message="expected:&lt;[newLabel]&gt; but was:&lt;[]&gt;" type="org.junit.ComparisonFailure"><![CDATA[org.junit.ComparisonFailure: expected:<[newLabel]> but was:<[]>
	at org.junit.Assert.assertEquals(Assert.java:115)
	at org.junit.Assert.assertEquals(Assert.java:144)
	at net.sf.latexdraw.instruments.TestDrawingPropGUI.testSetLabel(TestDrawingPropGUI.java:80)
]]></failure>
  </testcase>
  <testcase name="testSetScale" classname="net.sf.latexdraw.instruments.TestDrawingPropGUI" time="1.328">
    <failure message="Values should be different. Actual: 1.0" type="java.lang.AssertionError">java.lang.AssertionError: Values should be different. Actual: 1.0
	at org.junit.Assert.fail(Assert.java:88)
	at org.junit.Assert.failEquals(Assert.java:185)
	at org.junit.Assert.assertNotEquals(Assert.java:232)
	at org.junit.Assert.assertNotEquals(Assert.java:249)
	at net.sf.latexdraw.instruments.robot.FxRobotSpinner.doTestSpinner(FxRobotSpinner.java:39)
	at net.sf.latexdraw.instruments.TestDrawingPropGUI.testSetScale(TestDrawingPropGUI.java:85)
</failure>
  </testcase>
  <testcase name="testLaunchNoCrash" classname="net.sf.latexdraw.instruments.TestDrawingPropGUI" time="0.24"/>
</testsuite>